[2023-05-15 20:14:51.917] [jointLog] [info] setting maxHashResizeThreads to 2
[2023-05-15 20:14:51.917] [jointLog] [info] Fragment incompatibility prior below threshold.  Incompatible fragments will be ignored.
[2023-05-15 20:14:51.917] [jointLog] [info] Usage of --validateMappings implies use of minScoreFraction. Since not explicitly specified, it is being set to 0.65
[2023-05-15 20:14:51.917] [jointLog] [info] Setting consensusSlack to selective-alignment default of 0.35.
[2023-05-15 20:14:51.917] [jointLog] [info] parsing read library format
[2023-05-15 20:14:51.917] [jointLog] [info] There is 1 library.
[2023-05-15 20:14:51.964] [jointLog] [info] Loading pufferfish index
[2023-05-15 20:14:51.964] [jointLog] [info] Loading dense pufferfish index.
[2023-05-15 20:14:52.663] [jointLog] [info] done
[2023-05-15 20:14:52.663] [jointLog] [info] Index contained 48,190 targets
[2023-05-15 20:14:52.672] [jointLog] [info] Number of decoys : 7
[2023-05-15 20:14:52.672] [jointLog] [info] First decoy index : 48,174 
[2023-05-15 20:14:53.645] [jointLog] [info] Automatically detected most likely library type as ISR

[2023-05-15 20:25:33.714] [jointLog] [info] Thread saw mini-batch with a maximum of 0.84% zero probability fragments
[2023-05-15 20:25:33.723] [jointLog] [info] Thread saw mini-batch with a maximum of 0.84% zero probability fragments
[2023-05-15 20:25:33.780] [jointLog] [info] Computed 98,450 rich equivalence classes for further processing
[2023-05-15 20:25:33.780] [jointLog] [info] Counted 54,502,441 total reads in the equivalence classes 
[2023-05-15 20:25:33.781] [jointLog] [warning] 0.00500201% of fragments were shorter than the k used to build the index.
If this fraction is too large, consider re-building the index with a smaller k.
The minimum read size found was 20.


[2023-05-15 20:25:33.781] [jointLog] [info] Number of mappings discarded because of alignment score : 10,352,784
[2023-05-15 20:25:33.781] [jointLog] [info] Number of fragments entirely discarded because of alignment score : 1,631,338
[2023-05-15 20:25:33.781] [jointLog] [info] Number of fragments discarded because they are best-mapped to decoys : 1,287,305
[2023-05-15 20:25:33.781] [jointLog] [info] Number of fragments discarded because they have only dovetail (discordant) mappings to valid targets : 180,320
[2023-05-15 20:25:33.781] [jointLog] [info] Mapping rate = 81.8684%

[2023-05-15 20:25:33.781] [jointLog] [info] finished quantifyLibrary()
[2023-05-15 20:25:33.783] [jointLog] [info] Starting optimizer
[2023-05-15 20:25:33.805] [jointLog] [info] Marked 0 weighted equivalence classes as degenerate
[2023-05-15 20:25:33.810] [jointLog] [info] iteration = 0 | max rel diff. = 103.319
[2023-05-15 20:25:33.780] [fileLog] [info] 
At end of round 0
==================
Observed 66573235 total fragments (66573235 in most recent round)

[2023-05-15 20:25:34.295] [jointLog] [info] iteration = 100 | max rel diff. = 12.1289
[2023-05-15 20:25:34.796] [jointLog] [info] iteration = 200 | max rel diff. = 6.44814
[2023-05-15 20:25:35.223] [jointLog] [info] iteration = 300 | max rel diff. = 3.40595
[2023-05-15 20:25:35.660] [jointLog] [info] iteration = 400 | max rel diff. = 1.21232
[2023-05-15 20:25:36.122] [jointLog] [info] iteration = 500 | max rel diff. = 0.743374
[2023-05-15 20:25:36.595] [jointLog] [info] iteration = 600 | max rel diff. = 13.8037
[2023-05-15 20:25:37.068] [jointLog] [info] iteration = 700 | max rel diff. = 0.1192
[2023-05-15 20:25:37.523] [jointLog] [info] iteration = 800 | max rel diff. = 0.0123762
[2023-05-15 20:25:37.993] [jointLog] [info] iteration = 900 | max rel diff. = 0.020242
[2023-05-15 20:25:38.450] [jointLog] [info] iteration = 1,000 | max rel diff. = 0.0201047
[2023-05-15 20:25:38.906] [jointLog] [info] iteration = 1,100 | max rel diff. = 0.0282613
[2023-05-15 20:25:39.363] [jointLog] [info] iteration = 1,200 | max rel diff. = 0.0280677
[2023-05-15 20:25:39.819] [jointLog] [info] iteration = 1,300 | max rel diff. = 0.0353001
[2023-05-15 20:25:40.241] [jointLog] [info] iteration = 1,393 | max rel diff. = 0.00733377
[2023-05-15 20:25:40.242] [jointLog] [info] Finished optimizer
[2023-05-15 20:25:40.242] [jointLog] [info] writing output 

