[2023-05-15 19:01:51.725] [jointLog] [info] setting maxHashResizeThreads to 2
[2023-05-15 19:01:51.725] [jointLog] [info] Fragment incompatibility prior below threshold.  Incompatible fragments will be ignored.
[2023-05-15 19:01:51.725] [jointLog] [info] Usage of --validateMappings implies use of minScoreFraction. Since not explicitly specified, it is being set to 0.65
[2023-05-15 19:01:51.725] [jointLog] [info] Setting consensusSlack to selective-alignment default of 0.35.
[2023-05-15 19:01:51.725] [jointLog] [info] parsing read library format
[2023-05-15 19:01:51.725] [jointLog] [info] There is 1 library.
[2023-05-15 19:01:51.775] [jointLog] [info] Loading pufferfish index
[2023-05-15 19:01:51.775] [jointLog] [info] Loading dense pufferfish index.
[2023-05-15 19:01:52.458] [jointLog] [info] done
[2023-05-15 19:01:52.458] [jointLog] [info] Index contained 48,190 targets
[2023-05-15 19:01:52.467] [jointLog] [info] Number of decoys : 7
[2023-05-15 19:01:52.467] [jointLog] [info] First decoy index : 48,174 
[2023-05-15 19:01:53.154] [jointLog] [info] Automatically detected most likely library type as ISR

[2023-05-15 19:16:58.670] [jointLog] [info] Thread saw mini-batch with a maximum of 1.06% zero probability fragments
[2023-05-15 19:16:58.697] [jointLog] [info] Thread saw mini-batch with a maximum of 1.08% zero probability fragments
[2023-05-15 19:16:58.755] [jointLog] [info] Computed 107,417 rich equivalence classes for further processing
[2023-05-15 19:16:58.755] [jointLog] [info] Counted 70,075,552 total reads in the equivalence classes 
[2023-05-15 19:16:58.757] [jointLog] [warning] 0.00418435% of fragments were shorter than the k used to build the index.
If this fraction is too large, consider re-building the index with a smaller k.
The minimum read size found was 20.


[2023-05-15 19:16:58.757] [jointLog] [info] Number of mappings discarded because of alignment score : 13,112,690
[2023-05-15 19:16:58.757] [jointLog] [info] Number of fragments entirely discarded because of alignment score : 2,153,934
[2023-05-15 19:16:58.757] [jointLog] [info] Number of fragments discarded because they are best-mapped to decoys : 1,707,010
[2023-05-15 19:16:58.757] [jointLog] [info] Number of fragments discarded because they have only dovetail (discordant) mappings to valid targets : 218,079
[2023-05-15 19:16:58.757] [jointLog] [info] Mapping rate = 82.3422%

[2023-05-15 19:16:58.757] [jointLog] [info] finished quantifyLibrary()
[2023-05-15 19:16:58.757] [jointLog] [info] Starting optimizer
[2023-05-15 19:16:58.780] [jointLog] [info] Marked 0 weighted equivalence classes as degenerate
[2023-05-15 19:16:58.785] [jointLog] [info] iteration = 0 | max rel diff. = 117.367
[2023-05-15 19:16:58.756] [fileLog] [info] 
At end of round 0
==================
Observed 85102878 total fragments (85102878 in most recent round)

[2023-05-15 19:16:59.301] [jointLog] [info] iteration = 100 | max rel diff. = 9.81878
[2023-05-15 19:16:59.810] [jointLog] [info] iteration = 200 | max rel diff. = 7.13917
[2023-05-15 19:17:00.296] [jointLog] [info] iteration = 300 | max rel diff. = 6.17717
[2023-05-15 19:17:00.774] [jointLog] [info] iteration = 400 | max rel diff. = 0.514292
[2023-05-15 19:17:01.276] [jointLog] [info] iteration = 500 | max rel diff. = 2.57401
[2023-05-15 19:17:01.838] [jointLog] [info] iteration = 600 | max rel diff. = 0.250532
[2023-05-15 19:17:02.400] [jointLog] [info] iteration = 700 | max rel diff. = 0.600451
[2023-05-15 19:17:02.962] [jointLog] [info] iteration = 800 | max rel diff. = 0.07066
[2023-05-15 19:17:03.512] [jointLog] [info] iteration = 900 | max rel diff. = 7.32221
[2023-05-15 19:17:03.986] [jointLog] [info] iteration = 1,000 | max rel diff. = 20.1521
[2023-05-15 19:17:04.460] [jointLog] [info] iteration = 1,100 | max rel diff. = 0.0563123
[2023-05-15 19:17:04.961] [jointLog] [info] iteration = 1,200 | max rel diff. = 0.0207956
[2023-05-15 19:17:05.198] [jointLog] [info] iteration = 1,248 | max rel diff. = 0.00651192
[2023-05-15 19:17:05.200] [jointLog] [info] Finished optimizer
[2023-05-15 19:17:05.200] [jointLog] [info] writing output 

