[2023-05-15 20:58:58.471] [jointLog] [info] setting maxHashResizeThreads to 2
[2023-05-15 20:58:58.471] [jointLog] [info] Fragment incompatibility prior below threshold.  Incompatible fragments will be ignored.
[2023-05-15 20:58:58.471] [jointLog] [info] Usage of --validateMappings implies use of minScoreFraction. Since not explicitly specified, it is being set to 0.65
[2023-05-15 20:58:58.471] [jointLog] [info] Setting consensusSlack to selective-alignment default of 0.35.
[2023-05-15 20:58:58.471] [jointLog] [info] parsing read library format
[2023-05-15 20:58:58.471] [jointLog] [info] There is 1 library.
[2023-05-15 20:58:58.506] [jointLog] [info] Loading pufferfish index
[2023-05-15 20:58:58.506] [jointLog] [info] Loading dense pufferfish index.
[2023-05-15 20:58:59.328] [jointLog] [info] done
[2023-05-15 20:58:59.328] [jointLog] [info] Index contained 48,190 targets
[2023-05-15 20:58:59.337] [jointLog] [info] Number of decoys : 7
[2023-05-15 20:58:59.337] [jointLog] [info] First decoy index : 48,174 
[2023-05-15 20:58:59.966] [jointLog] [info] Automatically detected most likely library type as ISR

[2023-05-15 21:14:56.725] [jointLog] [info] Thread saw mini-batch with a maximum of 1.20% zero probability fragments
[2023-05-15 21:14:56.763] [jointLog] [info] Thread saw mini-batch with a maximum of 1.18% zero probability fragments
[2023-05-15 21:14:56.800] [jointLog] [info] Computed 101,632 rich equivalence classes for further processing
[2023-05-15 21:14:56.800] [jointLog] [info] Counted 65,752,920 total reads in the equivalence classes 
[2023-05-15 21:14:56.801] [jointLog] [warning] 0.00425942% of fragments were shorter than the k used to build the index.
If this fraction is too large, consider re-building the index with a smaller k.
The minimum read size found was 20.


[2023-05-15 21:14:56.801] [jointLog] [info] Number of mappings discarded because of alignment score : 12,636,465
[2023-05-15 21:14:56.801] [jointLog] [info] Number of fragments entirely discarded because of alignment score : 2,482,382
[2023-05-15 21:14:56.801] [jointLog] [info] Number of fragments discarded because they are best-mapped to decoys : 2,034,500
[2023-05-15 21:14:56.801] [jointLog] [info] Number of fragments discarded because they have only dovetail (discordant) mappings to valid targets : 211,458
[2023-05-15 21:14:56.801] [jointLog] [info] Mapping rate = 77.8404%

[2023-05-15 21:14:56.801] [jointLog] [info] finished quantifyLibrary()
[2023-05-15 21:14:56.802] [jointLog] [info] Starting optimizer
[2023-05-15 21:14:56.821] [jointLog] [info] Marked 0 weighted equivalence classes as degenerate
[2023-05-15 21:14:56.825] [jointLog] [info] iteration = 0 | max rel diff. = 134.39
[2023-05-15 21:14:56.800] [fileLog] [info] 
At end of round 0
==================
Observed 84471505 total fragments (84471505 in most recent round)

[2023-05-15 21:14:57.260] [jointLog] [info] iteration = 100 | max rel diff. = 14.8307
[2023-05-15 21:14:57.688] [jointLog] [info] iteration = 200 | max rel diff. = 14.7138
[2023-05-15 21:14:58.103] [jointLog] [info] iteration = 300 | max rel diff. = 0.491678
[2023-05-15 21:14:58.510] [jointLog] [info] iteration = 400 | max rel diff. = 1.84936
[2023-05-15 21:14:58.912] [jointLog] [info] iteration = 500 | max rel diff. = 0.211734
[2023-05-15 21:14:59.327] [jointLog] [info] iteration = 600 | max rel diff. = 0.156281
[2023-05-15 21:14:59.753] [jointLog] [info] iteration = 700 | max rel diff. = 0.931206
[2023-05-15 21:15:00.198] [jointLog] [info] iteration = 800 | max rel diff. = 0.0330853
[2023-05-15 21:15:00.629] [jointLog] [info] iteration = 900 | max rel diff. = 0.0355
[2023-05-15 21:15:01.092] [jointLog] [info] iteration = 1,000 | max rel diff. = 0.140106
[2023-05-15 21:15:01.582] [jointLog] [info] iteration = 1,100 | max rel diff. = 0.574849
[2023-05-15 21:15:02.007] [jointLog] [info] iteration = 1,200 | max rel diff. = 0.0257978
[2023-05-15 21:15:02.206] [jointLog] [info] iteration = 1,249 | max rel diff. = 0.00604139
[2023-05-15 21:15:02.207] [jointLog] [info] Finished optimizer
[2023-05-15 21:15:02.207] [jointLog] [info] writing output 

