[2023-05-15 20:45:48.629] [jointLog] [info] setting maxHashResizeThreads to 2
[2023-05-15 20:45:48.629] [jointLog] [info] Fragment incompatibility prior below threshold.  Incompatible fragments will be ignored.
[2023-05-15 20:45:48.629] [jointLog] [info] Usage of --validateMappings implies use of minScoreFraction. Since not explicitly specified, it is being set to 0.65
[2023-05-15 20:45:48.629] [jointLog] [info] Setting consensusSlack to selective-alignment default of 0.35.
[2023-05-15 20:45:48.629] [jointLog] [info] parsing read library format
[2023-05-15 20:45:48.629] [jointLog] [info] There is 1 library.
[2023-05-15 20:45:48.677] [jointLog] [info] Loading pufferfish index
[2023-05-15 20:45:48.677] [jointLog] [info] Loading dense pufferfish index.
[2023-05-15 20:45:49.580] [jointLog] [info] done
[2023-05-15 20:45:49.580] [jointLog] [info] Index contained 48,190 targets
[2023-05-15 20:45:49.589] [jointLog] [info] Number of decoys : 7
[2023-05-15 20:45:49.589] [jointLog] [info] First decoy index : 48,174 
[2023-05-15 20:45:50.063] [jointLog] [info] Automatically detected most likely library type as ISR

[2023-05-15 20:58:51.323] [jointLog] [info] Thread saw mini-batch with a maximum of 1.24% zero probability fragments
[2023-05-15 20:58:51.330] [jointLog] [info] Thread saw mini-batch with a maximum of 1.26% zero probability fragments
[2023-05-15 20:58:51.385] [jointLog] [info] Computed 102,184 rich equivalence classes for further processing
[2023-05-15 20:58:51.385] [jointLog] [info] Counted 55,185,441 total reads in the equivalence classes 
[2023-05-15 20:58:51.386] [jointLog] [warning] 0.00472777% of fragments were shorter than the k used to build the index.
If this fraction is too large, consider re-building the index with a smaller k.
The minimum read size found was 20.


[2023-05-15 20:58:51.386] [jointLog] [info] Number of mappings discarded because of alignment score : 10,567,077
[2023-05-15 20:58:51.386] [jointLog] [info] Number of fragments entirely discarded because of alignment score : 1,575,516
[2023-05-15 20:58:51.386] [jointLog] [info] Number of fragments discarded because they are best-mapped to decoys : 1,213,416
[2023-05-15 20:58:51.386] [jointLog] [info] Number of fragments discarded because they have only dovetail (discordant) mappings to valid targets : 153,566
[2023-05-15 20:58:51.386] [jointLog] [info] Mapping rate = 84.3804%

[2023-05-15 20:58:51.386] [jointLog] [info] finished quantifyLibrary()
[2023-05-15 20:58:51.388] [jointLog] [info] Starting optimizer
[2023-05-15 20:58:51.385] [fileLog] [info] 
At end of round 0
==================
Observed 65400803 total fragments (65400803 in most recent round)

[2023-05-15 20:58:51.410] [jointLog] [info] Marked 0 weighted equivalence classes as degenerate
[2023-05-15 20:58:51.414] [jointLog] [info] iteration = 0 | max rel diff. = 104.486
[2023-05-15 20:58:51.866] [jointLog] [info] iteration = 100 | max rel diff. = 7.8895
[2023-05-15 20:58:52.295] [jointLog] [info] iteration = 200 | max rel diff. = 1.47696
[2023-05-15 20:58:52.719] [jointLog] [info] iteration = 300 | max rel diff. = 1.23974
[2023-05-15 20:58:53.140] [jointLog] [info] iteration = 400 | max rel diff. = 2.67506
[2023-05-15 20:58:53.596] [jointLog] [info] iteration = 500 | max rel diff. = 0.510818
[2023-05-15 20:58:54.064] [jointLog] [info] iteration = 600 | max rel diff. = 0.246292
[2023-05-15 20:58:54.516] [jointLog] [info] iteration = 700 | max rel diff. = 0.686939
[2023-05-15 20:58:54.992] [jointLog] [info] iteration = 800 | max rel diff. = 3.17316
[2023-05-15 20:58:55.463] [jointLog] [info] iteration = 900 | max rel diff. = 0.649532
[2023-05-15 20:58:55.898] [jointLog] [info] iteration = 1,000 | max rel diff. = 0.0615463
[2023-05-15 20:58:56.168] [jointLog] [info] iteration = 1,062 | max rel diff. = 0.00559944
[2023-05-15 20:58:56.169] [jointLog] [info] Finished optimizer
[2023-05-15 20:58:56.169] [jointLog] [info] writing output 

