[2023-05-15 19:44:42.751] [jointLog] [info] setting maxHashResizeThreads to 2
[2023-05-15 19:44:42.751] [jointLog] [info] Fragment incompatibility prior below threshold.  Incompatible fragments will be ignored.
[2023-05-15 19:44:42.751] [jointLog] [info] Usage of --validateMappings implies use of minScoreFraction. Since not explicitly specified, it is being set to 0.65
[2023-05-15 19:44:42.751] [jointLog] [info] Setting consensusSlack to selective-alignment default of 0.35.
[2023-05-15 19:44:42.751] [jointLog] [info] parsing read library format
[2023-05-15 19:44:42.751] [jointLog] [info] There is 1 library.
[2023-05-15 19:44:42.791] [jointLog] [info] Loading pufferfish index
[2023-05-15 19:44:42.791] [jointLog] [info] Loading dense pufferfish index.
[2023-05-15 19:44:43.290] [jointLog] [info] done
[2023-05-15 19:44:43.290] [jointLog] [info] Index contained 48,190 targets
[2023-05-15 19:44:43.296] [jointLog] [info] Number of decoys : 7
[2023-05-15 19:44:43.296] [jointLog] [info] First decoy index : 48,174 
[2023-05-15 19:44:44.117] [jointLog] [info] Automatically detected most likely library type as ISR

[2023-05-15 20:00:43.619] [jointLog] [info] Thread saw mini-batch with a maximum of 1.12% zero probability fragments
[2023-05-15 20:00:43.637] [jointLog] [info] Thread saw mini-batch with a maximum of 1.14% zero probability fragments
[2023-05-15 20:00:43.678] [jointLog] [info] Computed 103,975 rich equivalence classes for further processing
[2023-05-15 20:00:43.678] [jointLog] [info] Counted 72,626,333 total reads in the equivalence classes 
[2023-05-15 20:00:43.680] [jointLog] [warning] 0.00509172% of fragments were shorter than the k used to build the index.
If this fraction is too large, consider re-building the index with a smaller k.
The minimum read size found was 20.


[2023-05-15 20:00:43.680] [jointLog] [info] Number of mappings discarded because of alignment score : 13,956,143
[2023-05-15 20:00:43.680] [jointLog] [info] Number of fragments entirely discarded because of alignment score : 2,014,784
[2023-05-15 20:00:43.680] [jointLog] [info] Number of fragments discarded because they are best-mapped to decoys : 1,514,664
[2023-05-15 20:00:43.680] [jointLog] [info] Number of fragments discarded because they have only dovetail (discordant) mappings to valid targets : 292,261
[2023-05-15 20:00:43.680] [jointLog] [info] Mapping rate = 84.2737%

[2023-05-15 20:00:43.680] [jointLog] [info] finished quantifyLibrary()
[2023-05-15 20:00:43.679] [fileLog] [info] 
At end of round 0
==================
Observed 86179077 total fragments (86179077 in most recent round)

[2023-05-15 20:00:44.444] [jointLog] [info] Starting optimizer
[2023-05-15 20:00:44.464] [jointLog] [info] Marked 0 weighted equivalence classes as degenerate
[2023-05-15 20:00:44.469] [jointLog] [info] iteration = 0 | max rel diff. = 133.241
[2023-05-15 20:00:44.918] [jointLog] [info] iteration = 100 | max rel diff. = 6.57435
[2023-05-15 20:00:45.356] [jointLog] [info] iteration = 200 | max rel diff. = 6.77257
[2023-05-15 20:00:45.795] [jointLog] [info] iteration = 300 | max rel diff. = 0.961053
[2023-05-15 20:00:46.273] [jointLog] [info] iteration = 400 | max rel diff. = 1.37636
[2023-05-15 20:00:46.750] [jointLog] [info] iteration = 500 | max rel diff. = 0.23394
[2023-05-15 20:00:47.241] [jointLog] [info] iteration = 600 | max rel diff. = 0.315784
[2023-05-15 20:00:47.737] [jointLog] [info] iteration = 700 | max rel diff. = 0.0801676
[2023-05-15 20:00:48.223] [jointLog] [info] iteration = 800 | max rel diff. = 0.0621931
[2023-05-15 20:00:48.696] [jointLog] [info] iteration = 900 | max rel diff. = 0.0379713
[2023-05-15 20:00:49.185] [jointLog] [info] iteration = 1,000 | max rel diff. = 0.0285336
[2023-05-15 20:00:49.666] [jointLog] [info] iteration = 1,100 | max rel diff. = 0.0222531
[2023-05-15 20:00:50.115] [jointLog] [info] iteration = 1,200 | max rel diff. = 0.0705777
[2023-05-15 20:00:50.422] [jointLog] [info] iteration = 1,260 | max rel diff. = 0.00507218
[2023-05-15 20:00:50.423] [jointLog] [info] Finished optimizer
[2023-05-15 20:00:50.423] [jointLog] [info] writing output 

