[2023-05-15 20:13:47.016] [jointLog] [info] setting maxHashResizeThreads to 2
[2023-05-15 20:13:47.016] [jointLog] [info] Fragment incompatibility prior below threshold.  Incompatible fragments will be ignored.
[2023-05-15 20:13:47.016] [jointLog] [info] Usage of --validateMappings implies use of minScoreFraction. Since not explicitly specified, it is being set to 0.65
[2023-05-15 20:13:47.016] [jointLog] [info] Setting consensusSlack to selective-alignment default of 0.35.
[2023-05-15 20:13:47.016] [jointLog] [info] parsing read library format
[2023-05-15 20:13:47.016] [jointLog] [info] There is 1 library.
[2023-05-15 20:13:47.065] [jointLog] [info] Loading pufferfish index
[2023-05-15 20:13:47.065] [jointLog] [info] Loading dense pufferfish index.
[2023-05-15 20:13:47.754] [jointLog] [info] done
[2023-05-15 20:13:47.754] [jointLog] [info] Index contained 48,190 targets
[2023-05-15 20:13:47.763] [jointLog] [info] Number of decoys : 7
[2023-05-15 20:13:47.763] [jointLog] [info] First decoy index : 48,174 
[2023-05-15 20:13:48.391] [jointLog] [info] Automatically detected most likely library type as ISR

[2023-05-15 20:27:40.694] [jointLog] [info] Thread saw mini-batch with a maximum of 0.70% zero probability fragments
[2023-05-15 20:27:40.708] [jointLog] [info] Thread saw mini-batch with a maximum of 0.72% zero probability fragments
[2023-05-15 20:27:40.764] [jointLog] [info] Computed 99,301 rich equivalence classes for further processing
[2023-05-15 20:27:40.764] [jointLog] [info] Counted 70,878,753 total reads in the equivalence classes 
[2023-05-15 20:27:40.766] [jointLog] [warning] 0.00329236% of fragments were shorter than the k used to build the index.
If this fraction is too large, consider re-building the index with a smaller k.
The minimum read size found was 20.


[2023-05-15 20:27:40.766] [jointLog] [info] Number of mappings discarded because of alignment score : 13,554,579
[2023-05-15 20:27:40.766] [jointLog] [info] Number of fragments entirely discarded because of alignment score : 2,382,719
[2023-05-15 20:27:40.766] [jointLog] [info] Number of fragments discarded because they are best-mapped to decoys : 1,921,098
[2023-05-15 20:27:40.766] [jointLog] [info] Number of fragments discarded because they have only dovetail (discordant) mappings to valid targets : 201,816
[2023-05-15 20:27:40.766] [jointLog] [info] Mapping rate = 79.6988%

[2023-05-15 20:27:40.766] [jointLog] [info] finished quantifyLibrary()
[2023-05-15 20:27:40.766] [jointLog] [info] Starting optimizer
[2023-05-15 20:27:40.787] [jointLog] [info] Marked 0 weighted equivalence classes as degenerate
[2023-05-15 20:27:40.791] [jointLog] [info] iteration = 0 | max rel diff. = 129.355
[2023-05-15 20:27:40.764] [fileLog] [info] 
At end of round 0
==================
Observed 88933223 total fragments (88933223 in most recent round)

[2023-05-15 20:27:41.264] [jointLog] [info] iteration = 100 | max rel diff. = 9.87224
[2023-05-15 20:27:41.725] [jointLog] [info] iteration = 200 | max rel diff. = 18.0417
[2023-05-15 20:27:42.174] [jointLog] [info] iteration = 300 | max rel diff. = 0.448851
[2023-05-15 20:27:42.655] [jointLog] [info] iteration = 400 | max rel diff. = 1.08113
[2023-05-15 20:27:43.134] [jointLog] [info] iteration = 500 | max rel diff. = 0.433606
[2023-05-15 20:27:43.608] [jointLog] [info] iteration = 600 | max rel diff. = 0.0284491
[2023-05-15 20:27:44.074] [jointLog] [info] iteration = 700 | max rel diff. = 0.24684
[2023-05-15 20:27:44.527] [jointLog] [info] iteration = 800 | max rel diff. = 0.0259883
[2023-05-15 20:27:44.957] [jointLog] [info] iteration = 900 | max rel diff. = 0.0756057
[2023-05-15 20:27:45.372] [jointLog] [info] iteration = 1,000 | max rel diff. = 0.0434434
[2023-05-15 20:27:45.856] [jointLog] [info] iteration = 1,100 | max rel diff. = 0.0248988
[2023-05-15 20:27:46.375] [jointLog] [info] iteration = 1,200 | max rel diff. = 0.0253259
[2023-05-15 20:27:46.898] [jointLog] [info] iteration = 1,300 | max rel diff. = 0.0127404
[2023-05-15 20:27:47.287] [jointLog] [info] iteration = 1,375 | max rel diff. = 0.00753827
[2023-05-15 20:27:47.288] [jointLog] [info] Finished optimizer
[2023-05-15 20:27:47.288] [jointLog] [info] writing output 

