[2023-05-15 19:45:00.344] [jointLog] [info] setting maxHashResizeThreads to 2
[2023-05-15 19:45:00.344] [jointLog] [info] Fragment incompatibility prior below threshold.  Incompatible fragments will be ignored.
[2023-05-15 19:45:00.344] [jointLog] [info] Usage of --validateMappings implies use of minScoreFraction. Since not explicitly specified, it is being set to 0.65
[2023-05-15 19:45:00.344] [jointLog] [info] Setting consensusSlack to selective-alignment default of 0.35.
[2023-05-15 19:45:00.344] [jointLog] [info] parsing read library format
[2023-05-15 19:45:00.344] [jointLog] [info] There is 1 library.
[2023-05-15 19:45:00.381] [jointLog] [info] Loading pufferfish index
[2023-05-15 19:45:00.381] [jointLog] [info] Loading dense pufferfish index.
[2023-05-15 19:45:00.943] [jointLog] [info] done
[2023-05-15 19:45:00.943] [jointLog] [info] Index contained 48,190 targets
[2023-05-15 19:45:00.952] [jointLog] [info] Number of decoys : 7
[2023-05-15 19:45:00.952] [jointLog] [info] First decoy index : 48,174 
[2023-05-15 19:45:01.678] [jointLog] [info] Automatically detected most likely library type as ISR

[2023-05-15 19:59:40.066] [jointLog] [info] Thread saw mini-batch with a maximum of 0.66% zero probability fragments
[2023-05-15 19:59:40.077] [jointLog] [info] Thread saw mini-batch with a maximum of 0.72% zero probability fragments
[2023-05-15 19:59:40.114] [jointLog] [info] Computed 100,115 rich equivalence classes for further processing
[2023-05-15 19:59:40.114] [jointLog] [info] Counted 65,469,302 total reads in the equivalence classes 
[2023-05-15 19:59:40.115] [jointLog] [warning] 0.00507813% of fragments were shorter than the k used to build the index.
If this fraction is too large, consider re-building the index with a smaller k.
The minimum read size found was 20.


[2023-05-15 19:59:40.115] [jointLog] [info] Number of mappings discarded because of alignment score : 12,367,641
[2023-05-15 19:59:40.115] [jointLog] [info] Number of fragments entirely discarded because of alignment score : 1,789,667
[2023-05-15 19:59:40.115] [jointLog] [info] Number of fragments discarded because they are best-mapped to decoys : 1,381,726
[2023-05-15 19:59:40.115] [jointLog] [info] Number of fragments discarded because they have only dovetail (discordant) mappings to valid targets : 267,595
[2023-05-15 19:59:40.115] [jointLog] [info] Mapping rate = 82.8874%

[2023-05-15 19:59:40.115] [jointLog] [info] finished quantifyLibrary()
[2023-05-15 19:59:40.114] [fileLog] [info] 
At end of round 0
==================
Observed 78985839 total fragments (78985839 in most recent round)

[2023-05-15 19:59:40.391] [jointLog] [info] Starting optimizer
[2023-05-15 19:59:40.405] [jointLog] [info] Marked 0 weighted equivalence classes as degenerate
[2023-05-15 19:59:40.409] [jointLog] [info] iteration = 0 | max rel diff. = 121.99
[2023-05-15 19:59:40.845] [jointLog] [info] iteration = 100 | max rel diff. = 19.9737
[2023-05-15 19:59:41.314] [jointLog] [info] iteration = 200 | max rel diff. = 6.36988
[2023-05-15 19:59:41.745] [jointLog] [info] iteration = 300 | max rel diff. = 0.303094
[2023-05-15 19:59:42.187] [jointLog] [info] iteration = 400 | max rel diff. = 0.138827
[2023-05-15 19:59:42.632] [jointLog] [info] iteration = 500 | max rel diff. = 3.02876
[2023-05-15 19:59:43.078] [jointLog] [info] iteration = 600 | max rel diff. = 14.7496
[2023-05-15 19:59:43.518] [jointLog] [info] iteration = 700 | max rel diff. = 0.242366
[2023-05-15 19:59:43.985] [jointLog] [info] iteration = 800 | max rel diff. = 0.19076
[2023-05-15 19:59:44.457] [jointLog] [info] iteration = 900 | max rel diff. = 0.0195026
[2023-05-15 19:59:44.925] [jointLog] [info] iteration = 1,000 | max rel diff. = 0.166495
[2023-05-15 19:59:45.413] [jointLog] [info] iteration = 1,100 | max rel diff. = 0.0611947
[2023-05-15 19:59:45.869] [jointLog] [info] iteration = 1,200 | max rel diff. = 0.0518658
[2023-05-15 19:59:46.263] [jointLog] [info] iteration = 1,300 | max rel diff. = 0.0397016
[2023-05-15 19:59:46.596] [jointLog] [info] iteration = 1,371 | max rel diff. = 0.00476683
[2023-05-15 19:59:46.597] [jointLog] [info] Finished optimizer
[2023-05-15 19:59:46.597] [jointLog] [info] writing output 

