[2023-05-15 20:26:01.913] [jointLog] [info] setting maxHashResizeThreads to 2
[2023-05-15 20:26:01.913] [jointLog] [info] Fragment incompatibility prior below threshold.  Incompatible fragments will be ignored.
[2023-05-15 20:26:01.913] [jointLog] [info] Usage of --validateMappings implies use of minScoreFraction. Since not explicitly specified, it is being set to 0.65
[2023-05-15 20:26:01.913] [jointLog] [info] Setting consensusSlack to selective-alignment default of 0.35.
[2023-05-15 20:26:01.913] [jointLog] [info] parsing read library format
[2023-05-15 20:26:01.913] [jointLog] [info] There is 1 library.
[2023-05-15 20:26:01.950] [jointLog] [info] Loading pufferfish index
[2023-05-15 20:26:01.950] [jointLog] [info] Loading dense pufferfish index.
[2023-05-15 20:26:02.499] [jointLog] [info] done
[2023-05-15 20:26:02.499] [jointLog] [info] Index contained 48,190 targets
[2023-05-15 20:26:02.506] [jointLog] [info] Number of decoys : 7
[2023-05-15 20:26:02.506] [jointLog] [info] First decoy index : 48,174 
[2023-05-15 20:26:03.263] [jointLog] [info] Automatically detected most likely library type as ISR

[2023-05-15 20:33:54.441] [jointLog] [info] Thread saw mini-batch with a maximum of 0.96% zero probability fragments
[2023-05-15 20:33:54.474] [jointLog] [info] Thread saw mini-batch with a maximum of 1.00% zero probability fragments
[2023-05-15 20:33:54.526] [jointLog] [info] Computed 86,119 rich equivalence classes for further processing
[2023-05-15 20:33:54.526] [jointLog] [info] Counted 42,387,523 total reads in the equivalence classes 
[2023-05-15 20:33:54.527] [jointLog] [warning] 0.00240404% of fragments were shorter than the k used to build the index.
If this fraction is too large, consider re-building the index with a smaller k.
The minimum read size found was 20.


[2023-05-15 20:33:54.527] [jointLog] [info] Number of mappings discarded because of alignment score : 7,990,925
[2023-05-15 20:33:54.527] [jointLog] [info] Number of fragments entirely discarded because of alignment score : 1,107,139
[2023-05-15 20:33:54.527] [jointLog] [info] Number of fragments discarded because they are best-mapped to decoys : 852,087
[2023-05-15 20:33:54.527] [jointLog] [info] Number of fragments discarded because they have only dovetail (discordant) mappings to valid targets : 125,941
[2023-05-15 20:33:54.527] [jointLog] [info] Mapping rate = 86.4304%

[2023-05-15 20:33:54.527] [jointLog] [info] finished quantifyLibrary()
[2023-05-15 20:33:54.528] [jointLog] [info] Starting optimizer
[2023-05-15 20:33:54.547] [jointLog] [info] Marked 0 weighted equivalence classes as degenerate
[2023-05-15 20:33:54.551] [jointLog] [info] iteration = 0 | max rel diff. = 11484.9
[2023-05-15 20:33:54.526] [fileLog] [info] 
At end of round 0
==================
Observed 49042391 total fragments (49042391 in most recent round)

[2023-05-15 20:33:55.027] [jointLog] [info] iteration = 100 | max rel diff. = 13.2731
[2023-05-15 20:33:55.468] [jointLog] [info] iteration = 200 | max rel diff. = 2.25667
[2023-05-15 20:33:55.919] [jointLog] [info] iteration = 300 | max rel diff. = 0.637373
[2023-05-15 20:33:56.345] [jointLog] [info] iteration = 400 | max rel diff. = 0.688428
[2023-05-15 20:33:56.764] [jointLog] [info] iteration = 500 | max rel diff. = 0.407363
[2023-05-15 20:33:57.183] [jointLog] [info] iteration = 600 | max rel diff. = 0.100779
[2023-05-15 20:33:57.603] [jointLog] [info] iteration = 700 | max rel diff. = 1.83822
[2023-05-15 20:33:58.023] [jointLog] [info] iteration = 800 | max rel diff. = 3.56661
[2023-05-15 20:33:58.443] [jointLog] [info] iteration = 900 | max rel diff. = 0.120899
[2023-05-15 20:33:58.863] [jointLog] [info] iteration = 1,000 | max rel diff. = 0.0920543
[2023-05-15 20:33:58.968] [jointLog] [info] iteration = 1,026 | max rel diff. = 0.00448194
[2023-05-15 20:33:58.970] [jointLog] [info] Finished optimizer
[2023-05-15 20:33:58.970] [jointLog] [info] writing output 

