[2023-05-15 20:40:21.733] [jointLog] [info] setting maxHashResizeThreads to 2
[2023-05-15 20:40:21.733] [jointLog] [info] Fragment incompatibility prior below threshold.  Incompatible fragments will be ignored.
[2023-05-15 20:40:21.733] [jointLog] [info] Usage of --validateMappings implies use of minScoreFraction. Since not explicitly specified, it is being set to 0.65
[2023-05-15 20:40:21.733] [jointLog] [info] Setting consensusSlack to selective-alignment default of 0.35.
[2023-05-15 20:40:21.733] [jointLog] [info] parsing read library format
[2023-05-15 20:40:21.733] [jointLog] [info] There is 1 library.
[2023-05-15 20:40:21.780] [jointLog] [info] Loading pufferfish index
[2023-05-15 20:40:21.780] [jointLog] [info] Loading dense pufferfish index.
[2023-05-15 20:40:22.521] [jointLog] [info] done
[2023-05-15 20:40:22.521] [jointLog] [info] Index contained 48,190 targets
[2023-05-15 20:40:22.530] [jointLog] [info] Number of decoys : 7
[2023-05-15 20:40:22.530] [jointLog] [info] First decoy index : 48,174 
[2023-05-15 20:40:23.226] [jointLog] [info] Automatically detected most likely library type as ISR

[2023-05-15 20:51:03.472] [jointLog] [info] Thread saw mini-batch with a maximum of 0.84% zero probability fragments
[2023-05-15 20:51:03.515] [jointLog] [info] Thread saw mini-batch with a maximum of 0.96% zero probability fragments
[2023-05-15 20:51:03.566] [jointLog] [info] Computed 98,225 rich equivalence classes for further processing
[2023-05-15 20:51:03.566] [jointLog] [info] Counted 56,386,285 total reads in the equivalence classes 
[2023-05-15 20:51:03.568] [jointLog] [warning] 0.00452662% of fragments were shorter than the k used to build the index.
If this fraction is too large, consider re-building the index with a smaller k.
The minimum read size found was 20.


[2023-05-15 20:51:03.568] [jointLog] [info] Number of mappings discarded because of alignment score : 10,559,878
[2023-05-15 20:51:03.568] [jointLog] [info] Number of fragments entirely discarded because of alignment score : 1,371,955
[2023-05-15 20:51:03.568] [jointLog] [info] Number of fragments discarded because they are best-mapped to decoys : 1,041,207
[2023-05-15 20:51:03.568] [jointLog] [info] Number of fragments discarded because they have only dovetail (discordant) mappings to valid targets : 169,904
[2023-05-15 20:51:03.568] [jointLog] [info] Mapping rate = 85.1934%

[2023-05-15 20:51:03.568] [jointLog] [info] finished quantifyLibrary()
[2023-05-15 20:51:03.568] [jointLog] [info] Starting optimizer
[2023-05-15 20:51:03.587] [jointLog] [info] Marked 0 weighted equivalence classes as degenerate
[2023-05-15 20:51:03.591] [jointLog] [info] iteration = 0 | max rel diff. = 105.136
[2023-05-15 20:51:03.566] [fileLog] [info] 
At end of round 0
==================
Observed 66186204 total fragments (66186204 in most recent round)

[2023-05-15 20:51:03.997] [jointLog] [info] iteration = 100 | max rel diff. = 14.5843
[2023-05-15 20:51:04.441] [jointLog] [info] iteration = 200 | max rel diff. = 3.82952
[2023-05-15 20:51:04.908] [jointLog] [info] iteration = 300 | max rel diff. = 0.443146
[2023-05-15 20:51:05.357] [jointLog] [info] iteration = 400 | max rel diff. = 0.544856
[2023-05-15 20:51:05.809] [jointLog] [info] iteration = 500 | max rel diff. = 2.02411
[2023-05-15 20:51:06.301] [jointLog] [info] iteration = 600 | max rel diff. = 0.0355628
[2023-05-15 20:51:06.715] [jointLog] [info] iteration = 700 | max rel diff. = 0.105664
[2023-05-15 20:51:07.159] [jointLog] [info] iteration = 800 | max rel diff. = 0.0164201
[2023-05-15 20:51:07.600] [jointLog] [info] iteration = 900 | max rel diff. = 0.0571549
[2023-05-15 20:51:08.061] [jointLog] [info] iteration = 1,000 | max rel diff. = 0.147923
[2023-05-15 20:51:08.513] [jointLog] [info] iteration = 1,100 | max rel diff. = 0.072888
[2023-05-15 20:51:08.936] [jointLog] [info] iteration = 1,200 | max rel diff. = 0.272657
[2023-05-15 20:51:09.332] [jointLog] [info] iteration = 1,300 | max rel diff. = 0.109283
[2023-05-15 20:51:09.800] [jointLog] [info] iteration = 1,400 | max rel diff. = 0.0564689
[2023-05-15 20:51:10.056] [jointLog] [info] iteration = 1,457 | max rel diff. = 0.00634616
[2023-05-15 20:51:10.057] [jointLog] [info] Finished optimizer
[2023-05-15 20:51:10.057] [jointLog] [info] writing output 

