[2023-05-15 19:33:25.543] [jointLog] [info] setting maxHashResizeThreads to 2
[2023-05-15 19:33:25.543] [jointLog] [info] Fragment incompatibility prior below threshold.  Incompatible fragments will be ignored.
[2023-05-15 19:33:25.543] [jointLog] [info] Usage of --validateMappings implies use of minScoreFraction. Since not explicitly specified, it is being set to 0.65
[2023-05-15 19:33:25.543] [jointLog] [info] Setting consensusSlack to selective-alignment default of 0.35.
[2023-05-15 19:33:25.543] [jointLog] [info] parsing read library format
[2023-05-15 19:33:25.543] [jointLog] [info] There is 1 library.
[2023-05-15 19:33:25.579] [jointLog] [info] Loading pufferfish index
[2023-05-15 19:33:25.579] [jointLog] [info] Loading dense pufferfish index.
[2023-05-15 19:33:26.063] [jointLog] [info] done
[2023-05-15 19:33:26.063] [jointLog] [info] Index contained 48,190 targets
[2023-05-15 19:33:26.069] [jointLog] [info] Number of decoys : 7
[2023-05-15 19:33:26.069] [jointLog] [info] First decoy index : 48,174 
[2023-05-15 19:33:26.819] [jointLog] [info] Automatically detected most likely library type as ISR

[2023-05-15 19:45:56.184] [jointLog] [info] Thread saw mini-batch with a maximum of 0.92% zero probability fragments
[2023-05-15 19:45:56.211] [jointLog] [info] Thread saw mini-batch with a maximum of 0.92% zero probability fragments
[2023-05-15 19:45:56.255] [jointLog] [info] Computed 104,004 rich equivalence classes for further processing
[2023-05-15 19:45:56.255] [jointLog] [info] Counted 60,408,062 total reads in the equivalence classes 
[2023-05-15 19:45:56.256] [jointLog] [warning] 0.00348974% of fragments were shorter than the k used to build the index.
If this fraction is too large, consider re-building the index with a smaller k.
The minimum read size found was 20.


[2023-05-15 19:45:56.256] [jointLog] [info] Number of mappings discarded because of alignment score : 11,444,772
[2023-05-15 19:45:56.256] [jointLog] [info] Number of fragments entirely discarded because of alignment score : 1,443,975
[2023-05-15 19:45:56.256] [jointLog] [info] Number of fragments discarded because they are best-mapped to decoys : 1,054,725
[2023-05-15 19:45:56.256] [jointLog] [info] Number of fragments discarded because they have only dovetail (discordant) mappings to valid targets : 183,172
[2023-05-15 19:45:56.256] [jointLog] [info] Mapping rate = 90.4369%

[2023-05-15 19:45:56.256] [jointLog] [info] finished quantifyLibrary()
[2023-05-15 19:45:56.257] [jointLog] [info] Starting optimizer
[2023-05-15 19:45:56.276] [jointLog] [info] Marked 0 weighted equivalence classes as degenerate
[2023-05-15 19:45:56.281] [jointLog] [info] iteration = 0 | max rel diff. = 159.243
[2023-05-15 19:45:56.255] [fileLog] [info] 
At end of round 0
==================
Observed 66795783 total fragments (66795783 in most recent round)

[2023-05-15 19:45:56.733] [jointLog] [info] iteration = 100 | max rel diff. = 16.6154
[2023-05-15 19:45:57.223] [jointLog] [info] iteration = 200 | max rel diff. = 1.2582
[2023-05-15 19:45:57.705] [jointLog] [info] iteration = 300 | max rel diff. = 13.1845
[2023-05-15 19:45:58.193] [jointLog] [info] iteration = 400 | max rel diff. = 0.675289
[2023-05-15 19:45:58.682] [jointLog] [info] iteration = 500 | max rel diff. = 0.735004
[2023-05-15 19:45:59.171] [jointLog] [info] iteration = 600 | max rel diff. = 0.116403
[2023-05-15 19:45:59.661] [jointLog] [info] iteration = 700 | max rel diff. = 9.3217
[2023-05-15 19:46:00.138] [jointLog] [info] iteration = 800 | max rel diff. = 0.102322
[2023-05-15 19:46:00.628] [jointLog] [info] iteration = 900 | max rel diff. = 0.0634226
[2023-05-15 19:46:01.121] [jointLog] [info] iteration = 1,000 | max rel diff. = 0.0362984
[2023-05-15 19:46:01.604] [jointLog] [info] iteration = 1,100 | max rel diff. = 0.0283159
[2023-05-15 19:46:02.079] [jointLog] [info] iteration = 1,200 | max rel diff. = 0.0741403
[2023-05-15 19:46:02.554] [jointLog] [info] iteration = 1,300 | max rel diff. = 0.116893
[2023-05-15 19:46:02.883] [jointLog] [info] iteration = 1,370 | max rel diff. = 0.003202
[2023-05-15 19:46:02.884] [jointLog] [info] Finished optimizer
[2023-05-15 19:46:02.884] [jointLog] [info] writing output 

