[2023-05-15 20:51:11.640] [jointLog] [info] setting maxHashResizeThreads to 2
[2023-05-15 20:51:11.640] [jointLog] [info] Fragment incompatibility prior below threshold.  Incompatible fragments will be ignored.
[2023-05-15 20:51:11.640] [jointLog] [info] Usage of --validateMappings implies use of minScoreFraction. Since not explicitly specified, it is being set to 0.65
[2023-05-15 20:51:11.640] [jointLog] [info] Setting consensusSlack to selective-alignment default of 0.35.
[2023-05-15 20:51:11.640] [jointLog] [info] parsing read library format
[2023-05-15 20:51:11.640] [jointLog] [info] There is 1 library.
[2023-05-15 20:51:11.686] [jointLog] [info] Loading pufferfish index
[2023-05-15 20:51:11.686] [jointLog] [info] Loading dense pufferfish index.
[2023-05-15 20:51:12.364] [jointLog] [info] done
[2023-05-15 20:51:12.364] [jointLog] [info] Index contained 48,190 targets
[2023-05-15 20:51:12.373] [jointLog] [info] Number of decoys : 7
[2023-05-15 20:51:12.373] [jointLog] [info] First decoy index : 48,174 
[2023-05-15 20:51:13.259] [jointLog] [info] Automatically detected most likely library type as ISR

[2023-05-15 21:02:49.885] [jointLog] [info] Thread saw mini-batch with a maximum of 1.84% zero probability fragments
[2023-05-15 21:02:49.912] [jointLog] [info] Thread saw mini-batch with a maximum of 1.80% zero probability fragments
[2023-05-15 21:02:49.959] [jointLog] [info] Computed 94,718 rich equivalence classes for further processing
[2023-05-15 21:02:49.959] [jointLog] [info] Counted 48,333,933 total reads in the equivalence classes 
[2023-05-15 21:02:49.961] [jointLog] [warning] 0.00622012% of fragments were shorter than the k used to build the index.
If this fraction is too large, consider re-building the index with a smaller k.
The minimum read size found was 20.


[2023-05-15 21:02:49.961] [jointLog] [info] Number of mappings discarded because of alignment score : 9,152,854
[2023-05-15 21:02:49.961] [jointLog] [info] Number of fragments entirely discarded because of alignment score : 1,329,866
[2023-05-15 21:02:49.961] [jointLog] [info] Number of fragments discarded because they are best-mapped to decoys : 990,446
[2023-05-15 21:02:49.961] [jointLog] [info] Number of fragments discarded because they have only dovetail (discordant) mappings to valid targets : 202,226
[2023-05-15 21:02:49.961] [jointLog] [info] Mapping rate = 85.4099%

[2023-05-15 21:02:49.961] [jointLog] [info] finished quantifyLibrary()
[2023-05-15 21:02:49.961] [jointLog] [info] Starting optimizer
[2023-05-15 21:02:49.980] [jointLog] [info] Marked 0 weighted equivalence classes as degenerate
[2023-05-15 21:02:49.984] [jointLog] [info] iteration = 0 | max rel diff. = 1347.56
[2023-05-15 21:02:49.960] [fileLog] [info] 
At end of round 0
==================
Observed 56590555 total fragments (56590555 in most recent round)

[2023-05-15 21:02:50.428] [jointLog] [info] iteration = 100 | max rel diff. = 12.3299
[2023-05-15 21:02:50.889] [jointLog] [info] iteration = 200 | max rel diff. = 13.2006
[2023-05-15 21:02:51.341] [jointLog] [info] iteration = 300 | max rel diff. = 19.8465
[2023-05-15 21:02:51.793] [jointLog] [info] iteration = 400 | max rel diff. = 0.159782
[2023-05-15 21:02:52.228] [jointLog] [info] iteration = 500 | max rel diff. = 0.158328
[2023-05-15 21:02:52.640] [jointLog] [info] iteration = 600 | max rel diff. = 1.29807
[2023-05-15 21:02:53.100] [jointLog] [info] iteration = 700 | max rel diff. = 0.192403
[2023-05-15 21:02:53.564] [jointLog] [info] iteration = 800 | max rel diff. = 18.9855
[2023-05-15 21:02:54.047] [jointLog] [info] iteration = 900 | max rel diff. = 0.0231043
[2023-05-15 21:02:54.506] [jointLog] [info] iteration = 1,000 | max rel diff. = 1.44884
[2023-05-15 21:02:54.633] [jointLog] [info] iteration = 1,029 | max rel diff. = 0.00344395
[2023-05-15 21:02:54.634] [jointLog] [info] Finished optimizer
[2023-05-15 21:02:54.634] [jointLog] [info] writing output 

