[2023-05-15 20:12:29.824] [jointLog] [info] setting maxHashResizeThreads to 2
[2023-05-15 20:12:29.824] [jointLog] [info] Fragment incompatibility prior below threshold.  Incompatible fragments will be ignored.
[2023-05-15 20:12:29.824] [jointLog] [info] Usage of --validateMappings implies use of minScoreFraction. Since not explicitly specified, it is being set to 0.65
[2023-05-15 20:12:29.824] [jointLog] [info] Setting consensusSlack to selective-alignment default of 0.35.
[2023-05-15 20:12:29.824] [jointLog] [info] parsing read library format
[2023-05-15 20:12:29.824] [jointLog] [info] There is 1 library.
[2023-05-15 20:12:29.872] [jointLog] [info] Loading pufferfish index
[2023-05-15 20:12:29.872] [jointLog] [info] Loading dense pufferfish index.
[2023-05-15 20:12:30.702] [jointLog] [info] done
[2023-05-15 20:12:30.702] [jointLog] [info] Index contained 48,190 targets
[2023-05-15 20:12:30.711] [jointLog] [info] Number of decoys : 7
[2023-05-15 20:12:30.711] [jointLog] [info] First decoy index : 48,174 
[2023-05-15 20:12:31.425] [jointLog] [info] Automatically detected most likely library type as ISR

[2023-05-15 20:27:37.372] [fileLog] [info] 
At end of round 0
==================
Observed 91691138 total fragments (91691138 in most recent round)

[2023-05-15 20:27:37.320] [jointLog] [info] Thread saw mini-batch with a maximum of 1.48% zero probability fragments
[2023-05-15 20:27:37.322] [jointLog] [info] Thread saw mini-batch with a maximum of 1.22% zero probability fragments
[2023-05-15 20:27:37.371] [jointLog] [info] Computed 108,928 rich equivalence classes for further processing
[2023-05-15 20:27:37.371] [jointLog] [info] Counted 76,758,225 total reads in the equivalence classes 
[2023-05-15 20:27:37.373] [jointLog] [warning] 0.00405383% of fragments were shorter than the k used to build the index.
If this fraction is too large, consider re-building the index with a smaller k.
The minimum read size found was 20.


[2023-05-15 20:27:37.373] [jointLog] [info] Number of mappings discarded because of alignment score : 14,630,166
[2023-05-15 20:27:37.373] [jointLog] [info] Number of fragments entirely discarded because of alignment score : 2,196,954
[2023-05-15 20:27:37.373] [jointLog] [info] Number of fragments discarded because they are best-mapped to decoys : 1,687,709
[2023-05-15 20:27:37.373] [jointLog] [info] Number of fragments discarded because they have only dovetail (discordant) mappings to valid targets : 234,363
[2023-05-15 20:27:37.373] [jointLog] [info] Mapping rate = 83.7139%

[2023-05-15 20:27:37.373] [jointLog] [info] finished quantifyLibrary()
[2023-05-15 20:27:37.373] [jointLog] [info] Starting optimizer
[2023-05-15 20:27:37.396] [jointLog] [info] Marked 0 weighted equivalence classes as degenerate
[2023-05-15 20:27:37.402] [jointLog] [info] iteration = 0 | max rel diff. = 140.098
[2023-05-15 20:27:37.928] [jointLog] [info] iteration = 100 | max rel diff. = 2.21097
[2023-05-15 20:27:38.440] [jointLog] [info] iteration = 200 | max rel diff. = 0.785813
[2023-05-15 20:27:38.950] [jointLog] [info] iteration = 300 | max rel diff. = 0.848802
[2023-05-15 20:27:39.460] [jointLog] [info] iteration = 400 | max rel diff. = 3.1353
[2023-05-15 20:27:39.957] [jointLog] [info] iteration = 500 | max rel diff. = 1.0598
[2023-05-15 20:27:40.468] [jointLog] [info] iteration = 600 | max rel diff. = 0.859556
[2023-05-15 20:27:40.950] [jointLog] [info] iteration = 700 | max rel diff. = 0.0424224
[2023-05-15 20:27:41.444] [jointLog] [info] iteration = 800 | max rel diff. = 0.0355453
[2023-05-15 20:27:41.954] [jointLog] [info] iteration = 900 | max rel diff. = 0.132233
[2023-05-15 20:27:42.458] [jointLog] [info] iteration = 1,000 | max rel diff. = 0.0166217
[2023-05-15 20:27:42.958] [jointLog] [info] iteration = 1,100 | max rel diff. = 0.0297751
[2023-05-15 20:27:43.358] [jointLog] [info] iteration = 1,182 | max rel diff. = 0.0056446
[2023-05-15 20:27:43.359] [jointLog] [info] Finished optimizer
[2023-05-15 20:27:43.359] [jointLog] [info] writing output 

