[2024-01-22 19:39:39.602] [jointLog] [info] setting maxHashResizeThreads to 2
[2024-01-22 19:39:39.602] [jointLog] [info] Fragment incompatibility prior below threshold.  Incompatible fragments will be ignored.
[2024-01-22 19:39:39.602] [jointLog] [info] Usage of --validateMappings implies use of minScoreFraction. Since not explicitly specified, it is being set to 0.65
[2024-01-22 19:39:39.602] [jointLog] [info] Setting consensusSlack to selective-alignment default of 0.35.
[2024-01-22 19:39:39.602] [jointLog] [info] parsing read library format
[2024-01-22 19:39:39.602] [jointLog] [info] There is 1 library.
[2024-01-22 19:39:39.638] [jointLog] [info] Loading pufferfish index
[2024-01-22 19:39:39.638] [jointLog] [info] Loading dense pufferfish index.
[2024-01-22 19:39:40.056] [jointLog] [info] done
[2024-01-22 19:39:40.056] [jointLog] [info] Index contained 48,190 targets
[2024-01-22 19:39:40.062] [jointLog] [info] Number of decoys : 7
[2024-01-22 19:39:40.062] [jointLog] [info] First decoy index : 48,174 
[2024-01-22 19:39:40.286] [jointLog] [info] Automatically detected most likely library type as ISR

[2024-01-22 19:42:18.518] [jointLog] [info] Thread saw mini-batch with a maximum of 1.82% zero probability fragments
[2024-01-22 19:42:18.558] [jointLog] [info] Thread saw mini-batch with a maximum of 1.82% zero probability fragments
[2024-01-22 19:42:18.592] [jointLog] [info] Computed 97,545 rich equivalence classes for further processing
[2024-01-22 19:42:18.592] [jointLog] [info] Counted 32,373,967 total reads in the equivalence classes 
[2024-01-22 19:42:18.594] [jointLog] [warning] 0.00623212% of fragments were shorter than the k used to build the index.
If this fraction is too large, consider re-building the index with a smaller k.
The minimum read size found was 20.


[2024-01-22 19:42:18.594] [jointLog] [info] Number of mappings discarded because of alignment score : 5,694,373
[2024-01-22 19:42:18.594] [jointLog] [info] Number of fragments entirely discarded because of alignment score : 690,697
[2024-01-22 19:42:18.594] [jointLog] [info] Number of fragments discarded because they are best-mapped to decoys : 515,619
[2024-01-22 19:42:18.594] [jointLog] [info] Number of fragments discarded because they have only dovetail (discordant) mappings to valid targets : 59,437
[2024-01-22 19:42:18.594] [jointLog] [info] Mapping rate = 85.7817%

[2024-01-22 19:42:18.594] [jointLog] [info] finished quantifyLibrary()
[2024-01-22 19:42:18.594] [jointLog] [info] Starting optimizer
[2024-01-22 19:42:18.608] [jointLog] [info] Marked 0 weighted equivalence classes as degenerate
[2024-01-22 19:42:18.612] [jointLog] [info] iteration = 0 | max rel diff. = 4994.6
[2024-01-22 19:42:18.593] [fileLog] [info] 
At end of round 0
==================
Observed 37739959 total fragments (37739959 in most recent round)

[2024-01-22 19:42:18.977] [jointLog] [info] iteration = 100 | max rel diff. = 11.5813
[2024-01-22 19:42:19.337] [jointLog] [info] iteration = 200 | max rel diff. = 1.43956
[2024-01-22 19:42:19.699] [jointLog] [info] iteration = 300 | max rel diff. = 0.427457
[2024-01-22 19:42:20.061] [jointLog] [info] iteration = 400 | max rel diff. = 12.3827
[2024-01-22 19:42:20.422] [jointLog] [info] iteration = 500 | max rel diff. = 1.93143
[2024-01-22 19:42:20.783] [jointLog] [info] iteration = 600 | max rel diff. = 0.396652
[2024-01-22 19:42:21.145] [jointLog] [info] iteration = 700 | max rel diff. = 0.059624
[2024-01-22 19:42:21.506] [jointLog] [info] iteration = 800 | max rel diff. = 0.14815
[2024-01-22 19:42:21.866] [jointLog] [info] iteration = 900 | max rel diff. = 0.0497445
[2024-01-22 19:42:21.992] [jointLog] [info] iteration = 936 | max rel diff. = 0.00698113
[2024-01-22 19:42:21.993] [jointLog] [info] Finished optimizer
[2024-01-22 19:42:21.993] [jointLog] [info] writing output 

