[2023-05-15 20:49:25.612] [jointLog] [info] setting maxHashResizeThreads to 2
[2023-05-15 20:49:25.612] [jointLog] [info] Fragment incompatibility prior below threshold.  Incompatible fragments will be ignored.
[2023-05-15 20:49:25.612] [jointLog] [info] Usage of --validateMappings implies use of minScoreFraction. Since not explicitly specified, it is being set to 0.65
[2023-05-15 20:49:25.612] [jointLog] [info] Setting consensusSlack to selective-alignment default of 0.35.
[2023-05-15 20:49:25.612] [jointLog] [info] parsing read library format
[2023-05-15 20:49:25.612] [jointLog] [info] There is 1 library.
[2023-05-15 20:49:25.658] [jointLog] [info] Loading pufferfish index
[2023-05-15 20:49:25.658] [jointLog] [info] Loading dense pufferfish index.
[2023-05-15 20:49:26.351] [jointLog] [info] done
[2023-05-15 20:49:26.351] [jointLog] [info] Index contained 48,190 targets
[2023-05-15 20:49:26.361] [jointLog] [info] Number of decoys : 7
[2023-05-15 20:49:26.361] [jointLog] [info] First decoy index : 48,174 
[2023-05-15 20:49:27.301] [jointLog] [info] Automatically detected most likely library type as ISR

[2023-05-15 21:02:52.283] [jointLog] [info] Thread saw mini-batch with a maximum of 2.74% zero probability fragments
[2023-05-15 21:02:52.294] [jointLog] [info] Thread saw mini-batch with a maximum of 2.76% zero probability fragments
[2023-05-15 21:02:52.334] [jointLog] [info] Computed 97,734 rich equivalence classes for further processing
[2023-05-15 21:02:52.334] [jointLog] [info] Counted 54,986,685 total reads in the equivalence classes 
[2023-05-15 21:02:52.335] [jointLog] [warning] 0.00413948% of fragments were shorter than the k used to build the index.
If this fraction is too large, consider re-building the index with a smaller k.
The minimum read size found was 20.


[2023-05-15 21:02:52.335] [jointLog] [info] Number of mappings discarded because of alignment score : 10,590,265
[2023-05-15 21:02:52.335] [jointLog] [info] Number of fragments entirely discarded because of alignment score : 1,359,888
[2023-05-15 21:02:52.335] [jointLog] [info] Number of fragments discarded because they are best-mapped to decoys : 996,520
[2023-05-15 21:02:52.335] [jointLog] [info] Number of fragments discarded because they have only dovetail (discordant) mappings to valid targets : 167,767
[2023-05-15 21:02:52.335] [jointLog] [info] Mapping rate = 86.4803%

[2023-05-15 21:02:52.335] [jointLog] [info] finished quantifyLibrary()
[2023-05-15 21:02:52.335] [jointLog] [info] Starting optimizer
[2023-05-15 21:02:52.352] [jointLog] [info] Marked 0 weighted equivalence classes as degenerate
[2023-05-15 21:02:52.357] [jointLog] [info] iteration = 0 | max rel diff. = 109.249
[2023-05-15 21:02:52.334] [fileLog] [info] 
At end of round 0
==================
Observed 63582917 total fragments (63582917 in most recent round)

[2023-05-15 21:02:52.805] [jointLog] [info] iteration = 100 | max rel diff. = 14.0314
[2023-05-15 21:02:53.264] [jointLog] [info] iteration = 200 | max rel diff. = 2.18665
[2023-05-15 21:02:53.746] [jointLog] [info] iteration = 300 | max rel diff. = 1.57606
[2023-05-15 21:02:54.201] [jointLog] [info] iteration = 400 | max rel diff. = 0.316071
[2023-05-15 21:02:54.656] [jointLog] [info] iteration = 500 | max rel diff. = 0.211371
[2023-05-15 21:02:55.091] [jointLog] [info] iteration = 600 | max rel diff. = 2.82164
[2023-05-15 21:02:55.503] [jointLog] [info] iteration = 700 | max rel diff. = 0.0161823
[2023-05-15 21:02:55.919] [jointLog] [info] iteration = 800 | max rel diff. = 0.0504171
[2023-05-15 21:02:56.319] [jointLog] [info] iteration = 900 | max rel diff. = 0.0401047
[2023-05-15 21:02:56.739] [jointLog] [info] iteration = 1,000 | max rel diff. = 0.0215014
[2023-05-15 21:02:57.208] [jointLog] [info] iteration = 1,100 | max rel diff. = 0.234594
[2023-05-15 21:02:57.230] [jointLog] [info] iteration = 1,106 | max rel diff. = 0.00439391
[2023-05-15 21:02:57.231] [jointLog] [info] Finished optimizer
[2023-05-15 21:02:57.231] [jointLog] [info] writing output 

