[2023-05-15 20:06:06.099] [jointLog] [info] setting maxHashResizeThreads to 2
[2023-05-15 20:06:06.099] [jointLog] [info] Fragment incompatibility prior below threshold.  Incompatible fragments will be ignored.
[2023-05-15 20:06:06.099] [jointLog] [info] Usage of --validateMappings implies use of minScoreFraction. Since not explicitly specified, it is being set to 0.65
[2023-05-15 20:06:06.099] [jointLog] [info] Setting consensusSlack to selective-alignment default of 0.35.
[2023-05-15 20:06:06.099] [jointLog] [info] parsing read library format
[2023-05-15 20:06:06.099] [jointLog] [info] There is 1 library.
[2023-05-15 20:06:06.147] [jointLog] [info] Loading pufferfish index
[2023-05-15 20:06:06.147] [jointLog] [info] Loading dense pufferfish index.
[2023-05-15 20:06:06.965] [jointLog] [info] done
[2023-05-15 20:06:06.965] [jointLog] [info] Index contained 48,190 targets
[2023-05-15 20:06:06.975] [jointLog] [info] Number of decoys : 7
[2023-05-15 20:06:06.975] [jointLog] [info] First decoy index : 48,174 
[2023-05-15 20:06:07.855] [jointLog] [info] Automatically detected most likely library type as ISR

[2023-05-15 20:14:45.024] [jointLog] [info] Thread saw mini-batch with a maximum of 1.30% zero probability fragments
[2023-05-15 20:14:45.048] [jointLog] [info] Thread saw mini-batch with a maximum of 1.22% zero probability fragments
[2023-05-15 20:14:45.090] [jointLog] [info] Computed 89,028 rich equivalence classes for further processing
[2023-05-15 20:14:45.090] [jointLog] [info] Counted 40,477,878 total reads in the equivalence classes 
[2023-05-15 20:14:45.092] [jointLog] [warning] 0.00577183% of fragments were shorter than the k used to build the index.
If this fraction is too large, consider re-building the index with a smaller k.
The minimum read size found was 20.


[2023-05-15 20:14:45.092] [jointLog] [info] Number of mappings discarded because of alignment score : 7,830,008
[2023-05-15 20:14:45.092] [jointLog] [info] Number of fragments entirely discarded because of alignment score : 1,524,989
[2023-05-15 20:14:45.092] [jointLog] [info] Number of fragments discarded because they are best-mapped to decoys : 1,219,664
[2023-05-15 20:14:45.092] [jointLog] [info] Number of fragments discarded because they have only dovetail (discordant) mappings to valid targets : 182,517
[2023-05-15 20:14:45.092] [jointLog] [info] Mapping rate = 74.3339%

[2023-05-15 20:14:45.092] [jointLog] [info] finished quantifyLibrary()
[2023-05-15 20:14:45.092] [jointLog] [info] Starting optimizer
[2023-05-15 20:14:45.110] [jointLog] [info] Marked 0 weighted equivalence classes as degenerate
[2023-05-15 20:14:45.115] [jointLog] [info] iteration = 0 | max rel diff. = 12855.9
[2023-05-15 20:14:45.091] [fileLog] [info] 
At end of round 0
==================
Observed 54454120 total fragments (54454120 in most recent round)

[2023-05-15 20:14:45.532] [jointLog] [info] iteration = 100 | max rel diff. = 9.90063
[2023-05-15 20:14:45.954] [jointLog] [info] iteration = 200 | max rel diff. = 1.46036
[2023-05-15 20:14:46.358] [jointLog] [info] iteration = 300 | max rel diff. = 9.7259
[2023-05-15 20:14:46.771] [jointLog] [info] iteration = 400 | max rel diff. = 0.346122
[2023-05-15 20:14:47.195] [jointLog] [info] iteration = 500 | max rel diff. = 1.33434
[2023-05-15 20:14:47.623] [jointLog] [info] iteration = 600 | max rel diff. = 0.117532
[2023-05-15 20:14:48.052] [jointLog] [info] iteration = 700 | max rel diff. = 0.033461
[2023-05-15 20:14:48.501] [jointLog] [info] iteration = 800 | max rel diff. = 0.0185093
[2023-05-15 20:14:48.920] [jointLog] [info] iteration = 900 | max rel diff. = 0.488461
[2023-05-15 20:14:49.339] [jointLog] [info] iteration = 1,000 | max rel diff. = 0.0287059
[2023-05-15 20:14:49.783] [jointLog] [info] iteration = 1,100 | max rel diff. = 0.171877
[2023-05-15 20:14:50.229] [jointLog] [info] iteration = 1,200 | max rel diff. = 0.105208
[2023-05-15 20:14:50.449] [jointLog] [info] iteration = 1,251 | max rel diff. = 0.00585677
[2023-05-15 20:14:50.451] [jointLog] [info] Finished optimizer
[2023-05-15 20:14:50.451] [jointLog] [info] writing output 

