[2023-05-15 20:27:48.405] [jointLog] [info] setting maxHashResizeThreads to 2
[2023-05-15 20:27:48.405] [jointLog] [info] Fragment incompatibility prior below threshold.  Incompatible fragments will be ignored.
[2023-05-15 20:27:48.405] [jointLog] [info] Usage of --validateMappings implies use of minScoreFraction. Since not explicitly specified, it is being set to 0.65
[2023-05-15 20:27:48.405] [jointLog] [info] Setting consensusSlack to selective-alignment default of 0.35.
[2023-05-15 20:27:48.405] [jointLog] [info] parsing read library format
[2023-05-15 20:27:48.405] [jointLog] [info] There is 1 library.
[2023-05-15 20:27:48.445] [jointLog] [info] Loading pufferfish index
[2023-05-15 20:27:48.445] [jointLog] [info] Loading dense pufferfish index.
[2023-05-15 20:27:49.009] [jointLog] [info] done
[2023-05-15 20:27:49.009] [jointLog] [info] Index contained 48,190 targets
[2023-05-15 20:27:49.016] [jointLog] [info] Number of decoys : 7
[2023-05-15 20:27:49.016] [jointLog] [info] First decoy index : 48,174 
[2023-05-15 20:27:49.642] [jointLog] [info] Automatically detected most likely library type as ISR

[2023-05-15 20:40:15.823] [fileLog] [info] 
At end of round 0
==================
Observed 77025499 total fragments (77025499 in most recent round)

[2023-05-15 20:40:15.729] [jointLog] [info] Thread saw mini-batch with a maximum of 1.06% zero probability fragments
[2023-05-15 20:40:15.781] [jointLog] [info] Thread saw mini-batch with a maximum of 1.02% zero probability fragments
[2023-05-15 20:40:15.822] [jointLog] [info] Computed 97,308 rich equivalence classes for further processing
[2023-05-15 20:40:15.822] [jointLog] [info] Counted 63,182,565 total reads in the equivalence classes 
[2023-05-15 20:40:15.824] [jointLog] [warning] 0.0046595% of fragments were shorter than the k used to build the index.
If this fraction is too large, consider re-building the index with a smaller k.
The minimum read size found was 20.


[2023-05-15 20:40:15.824] [jointLog] [info] Number of mappings discarded because of alignment score : 11,965,511
[2023-05-15 20:40:15.824] [jointLog] [info] Number of fragments entirely discarded because of alignment score : 1,919,580
[2023-05-15 20:40:15.824] [jointLog] [info] Number of fragments discarded because they are best-mapped to decoys : 1,515,666
[2023-05-15 20:40:15.824] [jointLog] [info] Number of fragments discarded because they have only dovetail (discordant) mappings to valid targets : 254,645
[2023-05-15 20:40:15.824] [jointLog] [info] Mapping rate = 82.0281%

[2023-05-15 20:40:15.824] [jointLog] [info] finished quantifyLibrary()
[2023-05-15 20:40:15.824] [jointLog] [info] Starting optimizer
[2023-05-15 20:40:15.841] [jointLog] [info] Marked 0 weighted equivalence classes as degenerate
[2023-05-15 20:40:15.846] [jointLog] [info] iteration = 0 | max rel diff. = 120.23
[2023-05-15 20:40:16.297] [jointLog] [info] iteration = 100 | max rel diff. = 10.7983
[2023-05-15 20:40:16.769] [jointLog] [info] iteration = 200 | max rel diff. = 4.96721
[2023-05-15 20:40:17.238] [jointLog] [info] iteration = 300 | max rel diff. = 12.6248
[2023-05-15 20:40:17.706] [jointLog] [info] iteration = 400 | max rel diff. = 0.176876
[2023-05-15 20:40:18.165] [jointLog] [info] iteration = 500 | max rel diff. = 0.375639
[2023-05-15 20:40:18.617] [jointLog] [info] iteration = 600 | max rel diff. = 0.054899
[2023-05-15 20:40:19.069] [jointLog] [info] iteration = 700 | max rel diff. = 0.203972
[2023-05-15 20:40:19.521] [jointLog] [info] iteration = 800 | max rel diff. = 0.333117
[2023-05-15 20:40:19.972] [jointLog] [info] iteration = 900 | max rel diff. = 0.295196
[2023-05-15 20:40:20.419] [jointLog] [info] iteration = 1,000 | max rel diff. = 0.0347142
[2023-05-15 20:40:20.669] [jointLog] [info] iteration = 1,056 | max rel diff. = 0.00764857
[2023-05-15 20:40:20.670] [jointLog] [info] Finished optimizer
[2023-05-15 20:40:20.670] [jointLog] [info] writing output 

