[2023-05-15 19:03:52.000] [jointLog] [info] setting maxHashResizeThreads to 2
[2023-05-15 19:03:52.000] [jointLog] [info] Fragment incompatibility prior below threshold.  Incompatible fragments will be ignored.
[2023-05-15 19:03:52.000] [jointLog] [info] Usage of --validateMappings implies use of minScoreFraction. Since not explicitly specified, it is being set to 0.65
[2023-05-15 19:03:52.000] [jointLog] [info] Setting consensusSlack to selective-alignment default of 0.35.
[2023-05-15 19:03:52.000] [jointLog] [info] parsing read library format
[2023-05-15 19:03:52.000] [jointLog] [info] There is 1 library.
[2023-05-15 19:03:52.040] [jointLog] [info] Loading pufferfish index
[2023-05-15 19:03:52.040] [jointLog] [info] Loading dense pufferfish index.
[2023-05-15 19:03:52.633] [jointLog] [info] done
[2023-05-15 19:03:52.633] [jointLog] [info] Index contained 48,190 targets
[2023-05-15 19:03:52.641] [jointLog] [info] Number of decoys : 7
[2023-05-15 19:03:52.641] [jointLog] [info] First decoy index : 48,174 
[2023-05-15 19:03:53.252] [jointLog] [info] Automatically detected most likely library type as ISR

[2023-05-15 19:17:13.517] [jointLog] [info] Thread saw mini-batch with a maximum of 0.52% zero probability fragments
[2023-05-15 19:17:13.558] [jointLog] [info] Thread saw mini-batch with a maximum of 0.56% zero probability fragments
[2023-05-15 19:17:13.614] [jointLog] [info] Computed 99,129 rich equivalence classes for further processing
[2023-05-15 19:17:13.614] [jointLog] [info] Counted 62,657,735 total reads in the equivalence classes 
[2023-05-15 19:17:13.616] [jointLog] [warning] 0.00423826% of fragments were shorter than the k used to build the index.
If this fraction is too large, consider re-building the index with a smaller k.
The minimum read size found was 20.


[2023-05-15 19:17:13.616] [jointLog] [info] Number of mappings discarded because of alignment score : 11,838,347
[2023-05-15 19:17:13.616] [jointLog] [info] Number of fragments entirely discarded because of alignment score : 1,886,629
[2023-05-15 19:17:13.616] [jointLog] [info] Number of fragments discarded because they are best-mapped to decoys : 1,509,467
[2023-05-15 19:17:13.616] [jointLog] [info] Number of fragments discarded because they have only dovetail (discordant) mappings to valid targets : 199,336
[2023-05-15 19:17:13.616] [jointLog] [info] Mapping rate = 81.7107%

[2023-05-15 19:17:13.616] [jointLog] [info] finished quantifyLibrary()
[2023-05-15 19:17:13.710] [jointLog] [info] Starting optimizer
[2023-05-15 19:17:13.727] [jointLog] [info] Marked 0 weighted equivalence classes as degenerate
[2023-05-15 19:17:13.731] [jointLog] [info] iteration = 0 | max rel diff. = 124.395
[2023-05-15 19:17:13.614] [fileLog] [info] 
At end of round 0
==================
Observed 76682404 total fragments (76682404 in most recent round)

[2023-05-15 19:17:14.152] [jointLog] [info] iteration = 100 | max rel diff. = 10.7465
[2023-05-15 19:17:14.581] [jointLog] [info] iteration = 200 | max rel diff. = 0.74632
[2023-05-15 19:17:15.045] [jointLog] [info] iteration = 300 | max rel diff. = 0.606805
[2023-05-15 19:17:15.521] [jointLog] [info] iteration = 400 | max rel diff. = 0.140327
[2023-05-15 19:17:15.980] [jointLog] [info] iteration = 500 | max rel diff. = 17.3195
[2023-05-15 19:17:16.448] [jointLog] [info] iteration = 600 | max rel diff. = 1.63515
[2023-05-15 19:17:16.924] [jointLog] [info] iteration = 700 | max rel diff. = 0.0646641
[2023-05-15 19:17:17.390] [jointLog] [info] iteration = 800 | max rel diff. = 0.438436
[2023-05-15 19:17:17.858] [jointLog] [info] iteration = 900 | max rel diff. = 0.661497
[2023-05-15 19:17:18.332] [jointLog] [info] iteration = 1,000 | max rel diff. = 0.0362137
[2023-05-15 19:17:18.812] [jointLog] [info] iteration = 1,100 | max rel diff. = 0.0129329
[2023-05-15 19:17:19.067] [jointLog] [info] iteration = 1,155 | max rel diff. = 0.00452911
[2023-05-15 19:17:19.068] [jointLog] [info] Finished optimizer
[2023-05-15 19:17:19.068] [jointLog] [info] writing output 

