[2023-05-15 21:15:03.598] [jointLog] [info] setting maxHashResizeThreads to 2
[2023-05-15 21:15:03.598] [jointLog] [info] Fragment incompatibility prior below threshold.  Incompatible fragments will be ignored.
[2023-05-15 21:15:03.598] [jointLog] [info] Usage of --validateMappings implies use of minScoreFraction. Since not explicitly specified, it is being set to 0.65
[2023-05-15 21:15:03.598] [jointLog] [info] Setting consensusSlack to selective-alignment default of 0.35.
[2023-05-15 21:15:03.598] [jointLog] [info] parsing read library format
[2023-05-15 21:15:03.598] [jointLog] [info] There is 1 library.
[2023-05-15 21:15:03.637] [jointLog] [info] Loading pufferfish index
[2023-05-15 21:15:03.637] [jointLog] [info] Loading dense pufferfish index.
[2023-05-15 21:15:04.423] [jointLog] [info] done
[2023-05-15 21:15:04.423] [jointLog] [info] Index contained 48,190 targets
[2023-05-15 21:15:04.433] [jointLog] [info] Number of decoys : 7
[2023-05-15 21:15:04.433] [jointLog] [info] First decoy index : 48,174 
[2023-05-15 21:15:05.346] [jointLog] [info] Automatically detected most likely library type as ISR

[2023-05-15 21:34:17.320] [jointLog] [info] Thread saw mini-batch with a maximum of 1.70% zero probability fragments
[2023-05-15 21:34:17.369] [jointLog] [info] Thread saw mini-batch with a maximum of 1.84% zero probability fragments
[2023-05-15 21:34:17.404] [jointLog] [info] Computed 95,452 rich equivalence classes for further processing
[2023-05-15 21:34:17.404] [jointLog] [info] Counted 108,856,298 total reads in the equivalence classes 
[2023-05-15 21:34:17.405] [jointLog] [warning] 0.00256752% of fragments were shorter than the k used to build the index.
If this fraction is too large, consider re-building the index with a smaller k.
The minimum read size found was 20.


[2023-05-15 21:34:17.405] [jointLog] [info] Number of mappings discarded because of alignment score : 20,965,381
[2023-05-15 21:34:17.405] [jointLog] [info] Number of fragments entirely discarded because of alignment score : 2,903,288
[2023-05-15 21:34:17.405] [jointLog] [info] Number of fragments discarded because they are best-mapped to decoys : 2,159,564
[2023-05-15 21:34:17.405] [jointLog] [info] Number of fragments discarded because they have only dovetail (discordant) mappings to valid targets : 253,853
[2023-05-15 21:34:17.405] [jointLog] [info] Mapping rate = 86.9875%

[2023-05-15 21:34:17.405] [jointLog] [info] finished quantifyLibrary()
[2023-05-15 21:34:17.405] [jointLog] [info] Starting optimizer
[2023-05-15 21:34:17.419] [jointLog] [info] Marked 0 weighted equivalence classes as degenerate
[2023-05-15 21:34:17.422] [jointLog] [info] iteration = 0 | max rel diff. = 215.066
[2023-05-15 21:34:17.404] [fileLog] [info] 
At end of round 0
==================
Observed 125140210 total fragments (125140210 in most recent round)

[2023-05-15 21:34:17.789] [jointLog] [info] iteration = 100 | max rel diff. = 13.7233
[2023-05-15 21:34:18.159] [jointLog] [info] iteration = 200 | max rel diff. = 5.18705
[2023-05-15 21:34:18.521] [jointLog] [info] iteration = 300 | max rel diff. = 3.84688
[2023-05-15 21:34:18.884] [jointLog] [info] iteration = 400 | max rel diff. = 0.110877
[2023-05-15 21:34:19.247] [jointLog] [info] iteration = 500 | max rel diff. = 0.263203
[2023-05-15 21:34:19.610] [jointLog] [info] iteration = 600 | max rel diff. = 0.211309
[2023-05-15 21:34:19.973] [jointLog] [info] iteration = 700 | max rel diff. = 0.0588283
[2023-05-15 21:34:20.334] [jointLog] [info] iteration = 800 | max rel diff. = 0.132945
[2023-05-15 21:34:20.696] [jointLog] [info] iteration = 900 | max rel diff. = 0.234964
[2023-05-15 21:34:20.902] [jointLog] [info] iteration = 958 | max rel diff. = 0.00866934
[2023-05-15 21:34:20.903] [jointLog] [info] Finished optimizer
[2023-05-15 21:34:20.903] [jointLog] [info] writing output 

