[2023-05-15 19:28:31.892] [jointLog] [info] setting maxHashResizeThreads to 2
[2023-05-15 19:28:31.892] [jointLog] [info] Fragment incompatibility prior below threshold.  Incompatible fragments will be ignored.
[2023-05-15 19:28:31.892] [jointLog] [info] Usage of --validateMappings implies use of minScoreFraction. Since not explicitly specified, it is being set to 0.65
[2023-05-15 19:28:31.892] [jointLog] [info] Setting consensusSlack to selective-alignment default of 0.35.
[2023-05-15 19:28:31.892] [jointLog] [info] parsing read library format
[2023-05-15 19:28:31.892] [jointLog] [info] There is 1 library.
[2023-05-15 19:28:31.936] [jointLog] [info] Loading pufferfish index
[2023-05-15 19:28:31.936] [jointLog] [info] Loading dense pufferfish index.
[2023-05-15 19:28:32.471] [jointLog] [info] done
[2023-05-15 19:28:32.471] [jointLog] [info] Index contained 48,190 targets
[2023-05-15 19:28:32.480] [jointLog] [info] Number of decoys : 7
[2023-05-15 19:28:32.480] [jointLog] [info] First decoy index : 48,174 
[2023-05-15 19:28:33.588] [jointLog] [info] Automatically detected most likely library type as ISR

[2023-05-15 19:39:47.296] [jointLog] [info] Thread saw mini-batch with a maximum of 1.34% zero probability fragments
[2023-05-15 19:39:47.320] [jointLog] [info] Thread saw mini-batch with a maximum of 1.38% zero probability fragments
[2023-05-15 19:39:47.374] [jointLog] [info] Computed 94,139 rich equivalence classes for further processing
[2023-05-15 19:39:47.374] [jointLog] [info] Counted 48,145,693 total reads in the equivalence classes 
[2023-05-15 19:39:47.376] [jointLog] [warning] 0.00479481% of fragments were shorter than the k used to build the index.
If this fraction is too large, consider re-building the index with a smaller k.
The minimum read size found was 20.


[2023-05-15 19:39:47.376] [jointLog] [info] Number of mappings discarded because of alignment score : 9,256,125
[2023-05-15 19:39:47.376] [jointLog] [info] Number of fragments entirely discarded because of alignment score : 1,587,241
[2023-05-15 19:39:47.376] [jointLog] [info] Number of fragments discarded because they are best-mapped to decoys : 1,247,269
[2023-05-15 19:39:47.376] [jointLog] [info] Number of fragments discarded because they have only dovetail (discordant) mappings to valid targets : 177,798
[2023-05-15 19:39:47.376] [jointLog] [info] Mapping rate = 79.2479%

[2023-05-15 19:39:47.376] [jointLog] [info] finished quantifyLibrary()
[2023-05-15 19:39:47.377] [jointLog] [info] Starting optimizer
[2023-05-15 19:39:47.399] [jointLog] [info] Marked 0 weighted equivalence classes as degenerate
[2023-05-15 19:39:47.403] [jointLog] [info] iteration = 0 | max rel diff. = 2365.09
[2023-05-15 19:39:47.374] [fileLog] [info] 
At end of round 0
==================
Observed 60753236 total fragments (60753236 in most recent round)

[2023-05-15 19:39:47.843] [jointLog] [info] iteration = 100 | max rel diff. = 17.8186
[2023-05-15 19:39:48.271] [jointLog] [info] iteration = 200 | max rel diff. = 1.75572
[2023-05-15 19:39:48.671] [jointLog] [info] iteration = 300 | max rel diff. = 0.687157
[2023-05-15 19:39:49.072] [jointLog] [info] iteration = 400 | max rel diff. = 0.565075
[2023-05-15 19:39:49.473] [jointLog] [info] iteration = 500 | max rel diff. = 0.261185
[2023-05-15 19:39:49.889] [jointLog] [info] iteration = 600 | max rel diff. = 1.81414
[2023-05-15 19:39:50.341] [jointLog] [info] iteration = 700 | max rel diff. = 0.0724326
[2023-05-15 19:39:50.816] [jointLog] [info] iteration = 800 | max rel diff. = 6.14442
[2023-05-15 19:39:51.245] [jointLog] [info] iteration = 900 | max rel diff. = 14.8899
[2023-05-15 19:39:51.659] [jointLog] [info] iteration = 1,000 | max rel diff. = 0.0869063
[2023-05-15 19:39:52.093] [jointLog] [info] iteration = 1,100 | max rel diff. = 0.0334801
[2023-05-15 19:39:52.285] [jointLog] [info] iteration = 1,145 | max rel diff. = 0.00446597
[2023-05-15 19:39:52.286] [jointLog] [info] Finished optimizer
[2023-05-15 19:39:52.286] [jointLog] [info] writing output 

