[2023-05-15 16:33:05.302] [jointLog] [info] setting maxHashResizeThreads to 4
[2023-05-15 16:33:05.302] [jointLog] [info] Fragment incompatibility prior below threshold.  Incompatible fragments will be ignored.
[2023-05-15 16:33:05.302] [jointLog] [info] Usage of --validateMappings implies use of minScoreFraction. Since not explicitly specified, it is being set to 0.65
[2023-05-15 16:33:05.302] [jointLog] [info] Setting consensusSlack to selective-alignment default of 0.35.
[2023-05-15 16:33:05.302] [jointLog] [info] parsing read library format
[2023-05-15 16:33:05.302] [jointLog] [info] There is 1 library.
[2023-05-15 16:33:05.336] [jointLog] [info] Loading pufferfish index
[2023-05-15 16:33:05.336] [jointLog] [info] Loading dense pufferfish index.
[2023-05-15 16:33:06.849] [jointLog] [info] done
[2023-05-15 16:33:06.849] [jointLog] [info] Index contained 48,190 targets
[2023-05-15 16:33:06.854] [jointLog] [info] Number of decoys : 7
[2023-05-15 16:33:06.854] [jointLog] [info] First decoy index : 48,174 
[2023-05-15 16:33:07.210] [jointLog] [info] Automatically detected most likely library type as IU

[2023-05-15 16:35:13.601] [jointLog] [info] Computed 62,547 rich equivalence classes for further processing
[2023-05-15 16:35:13.601] [jointLog] [info] Counted 26,321,418 total reads in the equivalence classes 
[2023-05-15 16:35:13.603] [jointLog] [warning] 0.0488153% of fragments were shorter than the k used to build the index.
If this fraction is too large, consider re-building the index with a smaller k.
The minimum read size found was 20.


[2023-05-15 16:35:13.603] [jointLog] [info] Number of mappings discarded because of alignment score : 8,249,756
[2023-05-15 16:35:13.603] [jointLog] [info] Number of fragments entirely discarded because of alignment score : 1,928,156
[2023-05-15 16:35:13.603] [jointLog] [info] Number of fragments discarded because they are best-mapped to decoys : 791,132
[2023-05-15 16:35:13.603] [jointLog] [info] Number of fragments discarded because they have only dovetail (discordant) mappings to valid targets : 1,816,236
[2023-05-15 16:35:13.603] [jointLog] [info] Mapping rate = 71.1062%

[2023-05-15 16:35:13.603] [jointLog] [info] finished quantifyLibrary()
[2023-05-15 16:35:13.624] [jointLog] [info] Starting optimizer
[2023-05-15 16:35:13.634] [jointLog] [info] Marked 0 weighted equivalence classes as degenerate
[2023-05-15 16:35:13.636] [jointLog] [info] iteration = 0 | max rel diff. = 6334.24
[2023-05-15 16:35:13.815] [jointLog] [info] iteration = 100 | max rel diff. = 17.6221
[2023-05-15 16:35:13.991] [jointLog] [info] iteration = 200 | max rel diff. = 14.1365
[2023-05-15 16:35:13.602] [fileLog] [info] 
At end of round 0
==================
Observed 37017049 total fragments (37017049 in most recent round)

[2023-05-15 16:35:14.174] [jointLog] [info] iteration = 300 | max rel diff. = 15.2327
[2023-05-15 16:35:14.354] [jointLog] [info] iteration = 400 | max rel diff. = 0.489821
[2023-05-15 16:35:14.538] [jointLog] [info] iteration = 500 | max rel diff. = 0.597773
[2023-05-15 16:35:14.722] [jointLog] [info] iteration = 600 | max rel diff. = 0.38401
[2023-05-15 16:35:14.920] [jointLog] [info] iteration = 700 | max rel diff. = 1.17357
[2023-05-15 16:35:15.124] [jointLog] [info] iteration = 800 | max rel diff. = 0.0940204
[2023-05-15 16:35:15.343] [jointLog] [info] iteration = 900 | max rel diff. = 1.12501
[2023-05-15 16:35:15.563] [jointLog] [info] iteration = 1,000 | max rel diff. = 0.0176255
[2023-05-15 16:35:15.794] [jointLog] [info] iteration = 1,100 | max rel diff. = 0.119266
[2023-05-15 16:35:16.026] [jointLog] [info] iteration = 1,200 | max rel diff. = 0.0175069
[2023-05-15 16:35:16.251] [jointLog] [info] iteration = 1,300 | max rel diff. = 0.0340197
[2023-05-15 16:35:16.473] [jointLog] [info] iteration = 1,400 | max rel diff. = 0.0356448
[2023-05-15 16:35:16.694] [jointLog] [info] iteration = 1,500 | max rel diff. = 1.70676
[2023-05-15 16:35:16.758] [jointLog] [info] iteration = 1,530 | max rel diff. = 0.00354865
[2023-05-15 16:35:16.759] [jointLog] [info] Finished optimizer
[2023-05-15 16:35:16.759] [jointLog] [info] writing output 

