[2023-05-15 19:39:54.214] [jointLog] [info] setting maxHashResizeThreads to 2
[2023-05-15 19:39:54.214] [jointLog] [info] Fragment incompatibility prior below threshold.  Incompatible fragments will be ignored.
[2023-05-15 19:39:54.214] [jointLog] [info] Usage of --validateMappings implies use of minScoreFraction. Since not explicitly specified, it is being set to 0.65
[2023-05-15 19:39:54.214] [jointLog] [info] Setting consensusSlack to selective-alignment default of 0.35.
[2023-05-15 19:39:54.214] [jointLog] [info] parsing read library format
[2023-05-15 19:39:54.214] [jointLog] [info] There is 1 library.
[2023-05-15 19:39:54.260] [jointLog] [info] Loading pufferfish index
[2023-05-15 19:39:54.260] [jointLog] [info] Loading dense pufferfish index.
[2023-05-15 19:39:54.774] [jointLog] [info] done
[2023-05-15 19:39:54.774] [jointLog] [info] Index contained 48,190 targets
[2023-05-15 19:39:54.780] [jointLog] [info] Number of decoys : 7
[2023-05-15 19:39:54.780] [jointLog] [info] First decoy index : 48,174 
[2023-05-15 19:39:55.676] [jointLog] [info] Automatically detected most likely library type as ISR

[2023-05-15 19:51:59.853] [jointLog] [info] Thread saw mini-batch with a maximum of 1.18% zero probability fragments
[2023-05-15 19:51:59.883] [jointLog] [info] Thread saw mini-batch with a maximum of 1.20% zero probability fragments
[2023-05-15 19:51:59.935] [jointLog] [info] Computed 99,699 rich equivalence classes for further processing
[2023-05-15 19:51:59.935] [jointLog] [info] Counted 52,430,974 total reads in the equivalence classes 
[2023-05-15 19:51:59.936] [jointLog] [warning] 0.00415709% of fragments were shorter than the k used to build the index.
If this fraction is too large, consider re-building the index with a smaller k.
The minimum read size found was 20.


[2023-05-15 19:51:59.936] [jointLog] [info] Number of mappings discarded because of alignment score : 9,925,957
[2023-05-15 19:51:59.936] [jointLog] [info] Number of fragments entirely discarded because of alignment score : 1,450,601
[2023-05-15 19:51:59.936] [jointLog] [info] Number of fragments discarded because they are best-mapped to decoys : 1,104,100
[2023-05-15 19:51:59.936] [jointLog] [info] Number of fragments discarded because they have only dovetail (discordant) mappings to valid targets : 168,527
[2023-05-15 19:51:59.936] [jointLog] [info] Mapping rate = 85.2073%

[2023-05-15 19:51:59.936] [jointLog] [info] finished quantifyLibrary()
[2023-05-15 19:51:59.935] [fileLog] [info] 
At end of round 0
==================
Observed 61533454 total fragments (61533454 in most recent round)

[2023-05-15 19:52:00.572] [jointLog] [info] Starting optimizer
[2023-05-15 19:52:00.589] [jointLog] [info] Marked 0 weighted equivalence classes as degenerate
[2023-05-15 19:52:00.593] [jointLog] [info] iteration = 0 | max rel diff. = 79.5167
[2023-05-15 19:52:01.016] [jointLog] [info] iteration = 100 | max rel diff. = 8.74043
[2023-05-15 19:52:01.468] [jointLog] [info] iteration = 200 | max rel diff. = 3.69556
[2023-05-15 19:52:01.897] [jointLog] [info] iteration = 300 | max rel diff. = 1.31483
[2023-05-15 19:52:02.333] [jointLog] [info] iteration = 400 | max rel diff. = 0.0694203
[2023-05-15 19:52:02.747] [jointLog] [info] iteration = 500 | max rel diff. = 0.353449
[2023-05-15 19:52:03.207] [jointLog] [info] iteration = 600 | max rel diff. = 0.243522
[2023-05-15 19:52:03.652] [jointLog] [info] iteration = 700 | max rel diff. = 0.0420386
[2023-05-15 19:52:04.110] [jointLog] [info] iteration = 800 | max rel diff. = 0.0449542
[2023-05-15 19:52:04.548] [jointLog] [info] iteration = 900 | max rel diff. = 0.0691836
[2023-05-15 19:52:04.740] [jointLog] [info] iteration = 945 | max rel diff. = 0.00737348
[2023-05-15 19:52:04.741] [jointLog] [info] Finished optimizer
[2023-05-15 19:52:04.741] [jointLog] [info] writing output 

