[2023-05-15 16:35:17.569] [jointLog] [info] setting maxHashResizeThreads to 4
[2023-05-15 16:35:17.569] [jointLog] [info] Fragment incompatibility prior below threshold.  Incompatible fragments will be ignored.
[2023-05-15 16:35:17.569] [jointLog] [info] Usage of --validateMappings implies use of minScoreFraction. Since not explicitly specified, it is being set to 0.65
[2023-05-15 16:35:17.569] [jointLog] [info] Setting consensusSlack to selective-alignment default of 0.35.
[2023-05-15 16:35:17.569] [jointLog] [info] parsing read library format
[2023-05-15 16:35:17.569] [jointLog] [info] There is 1 library.
[2023-05-15 16:35:17.605] [jointLog] [info] Loading pufferfish index
[2023-05-15 16:35:17.605] [jointLog] [info] Loading dense pufferfish index.
[2023-05-15 16:35:18.063] [jointLog] [info] done
[2023-05-15 16:35:18.063] [jointLog] [info] Index contained 48,190 targets
[2023-05-15 16:35:18.069] [jointLog] [info] Number of decoys : 7
[2023-05-15 16:35:18.069] [jointLog] [info] First decoy index : 48,174 
[2023-05-15 16:35:18.757] [jointLog] [info] Automatically detected most likely library type as IU

[2023-05-15 16:37:47.904] [jointLog] [info] Computed 64,660 rich equivalence classes for further processing
[2023-05-15 16:37:47.904] [jointLog] [info] Counted 32,199,535 total reads in the equivalence classes 
[2023-05-15 16:37:47.906] [jointLog] [warning] 0.0389469% of fragments were shorter than the k used to build the index.
If this fraction is too large, consider re-building the index with a smaller k.
The minimum read size found was 20.


[2023-05-15 16:37:47.906] [jointLog] [info] Number of mappings discarded because of alignment score : 9,972,454
[2023-05-15 16:37:47.906] [jointLog] [info] Number of fragments entirely discarded because of alignment score : 2,354,013
[2023-05-15 16:37:47.906] [jointLog] [info] Number of fragments discarded because they are best-mapped to decoys : 986,172
[2023-05-15 16:37:47.906] [jointLog] [info] Number of fragments discarded because they have only dovetail (discordant) mappings to valid targets : 2,222,108
[2023-05-15 16:37:47.906] [jointLog] [info] Mapping rate = 71.1087%

[2023-05-15 16:37:47.906] [jointLog] [info] finished quantifyLibrary()
[2023-05-15 16:37:47.906] [jointLog] [info] Starting optimizer
[2023-05-15 16:37:47.916] [jointLog] [info] Marked 0 weighted equivalence classes as degenerate
[2023-05-15 16:37:47.918] [jointLog] [info] iteration = 0 | max rel diff. = 4646.87
[2023-05-15 16:37:48.099] [jointLog] [info] iteration = 100 | max rel diff. = 18.3444
[2023-05-15 16:37:48.280] [jointLog] [info] iteration = 200 | max rel diff. = 3.47813
[2023-05-15 16:37:47.904] [fileLog] [info] 
At end of round 0
==================
Observed 45282150 total fragments (45282150 in most recent round)

[2023-05-15 16:37:48.461] [jointLog] [info] iteration = 300 | max rel diff. = 4.09009
[2023-05-15 16:37:48.640] [jointLog] [info] iteration = 400 | max rel diff. = 0.412588
[2023-05-15 16:37:48.819] [jointLog] [info] iteration = 500 | max rel diff. = 5.50947
[2023-05-15 16:37:48.997] [jointLog] [info] iteration = 600 | max rel diff. = 18.816
[2023-05-15 16:37:49.176] [jointLog] [info] iteration = 700 | max rel diff. = 0.919611
[2023-05-15 16:37:49.354] [jointLog] [info] iteration = 800 | max rel diff. = 0.158715
[2023-05-15 16:37:49.531] [jointLog] [info] iteration = 900 | max rel diff. = 0.045646
[2023-05-15 16:37:49.709] [jointLog] [info] iteration = 1,000 | max rel diff. = 0.0225522
[2023-05-15 16:37:49.888] [jointLog] [info] iteration = 1,100 | max rel diff. = 1.28826
[2023-05-15 16:37:49.984] [jointLog] [info] iteration = 1,154 | max rel diff. = 0.00874237
[2023-05-15 16:37:49.985] [jointLog] [info] Finished optimizer
[2023-05-15 16:37:49.985] [jointLog] [info] writing output 

