[2023-05-15 19:46:04.416] [jointLog] [info] setting maxHashResizeThreads to 2
[2023-05-15 19:46:04.416] [jointLog] [info] Fragment incompatibility prior below threshold.  Incompatible fragments will be ignored.
[2023-05-15 19:46:04.416] [jointLog] [info] Usage of --validateMappings implies use of minScoreFraction. Since not explicitly specified, it is being set to 0.65
[2023-05-15 19:46:04.416] [jointLog] [info] Setting consensusSlack to selective-alignment default of 0.35.
[2023-05-15 19:46:04.416] [jointLog] [info] parsing read library format
[2023-05-15 19:46:04.416] [jointLog] [info] There is 1 library.
[2023-05-15 19:46:04.463] [jointLog] [info] Loading pufferfish index
[2023-05-15 19:46:04.463] [jointLog] [info] Loading dense pufferfish index.
[2023-05-15 19:46:05.139] [jointLog] [info] done
[2023-05-15 19:46:05.139] [jointLog] [info] Index contained 48,190 targets
[2023-05-15 19:46:05.148] [jointLog] [info] Number of decoys : 7
[2023-05-15 19:46:05.148] [jointLog] [info] First decoy index : 48,174 
[2023-05-15 19:46:05.817] [jointLog] [info] Automatically detected most likely library type as ISR

[2023-05-15 19:55:59.732] [jointLog] [info] Thread saw mini-batch with a maximum of 0.76% zero probability fragments
[2023-05-15 19:55:59.775] [jointLog] [info] Thread saw mini-batch with a maximum of 0.86% zero probability fragments
[2023-05-15 19:55:59.810] [jointLog] [info] Computed 86,425 rich equivalence classes for further processing
[2023-05-15 19:55:59.810] [jointLog] [info] Counted 37,106,272 total reads in the equivalence classes 
[2023-05-15 19:55:59.811] [jointLog] [warning] 0.00328663% of fragments were shorter than the k used to build the index.
If this fraction is too large, consider re-building the index with a smaller k.
The minimum read size found was 20.


[2023-05-15 19:55:59.811] [jointLog] [info] Number of mappings discarded because of alignment score : 7,158,531
[2023-05-15 19:55:59.811] [jointLog] [info] Number of fragments entirely discarded because of alignment score : 1,189,454
[2023-05-15 19:55:59.811] [jointLog] [info] Number of fragments discarded because they are best-mapped to decoys : 942,292
[2023-05-15 19:55:59.811] [jointLog] [info] Number of fragments discarded because they have only dovetail (discordant) mappings to valid targets : 133,289
[2023-05-15 19:55:59.811] [jointLog] [info] Mapping rate = 81.303%

[2023-05-15 19:55:59.811] [jointLog] [info] finished quantifyLibrary()
[2023-05-15 19:55:59.810] [fileLog] [info] 
At end of round 0
==================
Observed 45639476 total fragments (45639476 in most recent round)

[2023-05-15 19:56:00.222] [jointLog] [info] Starting optimizer
[2023-05-15 19:56:00.240] [jointLog] [info] Marked 0 weighted equivalence classes as degenerate
[2023-05-15 19:56:00.244] [jointLog] [info] iteration = 0 | max rel diff. = 5928.75
[2023-05-15 19:56:00.625] [jointLog] [info] iteration = 100 | max rel diff. = 8.8501
[2023-05-15 19:56:01.050] [jointLog] [info] iteration = 200 | max rel diff. = 13.8741
[2023-05-15 19:56:01.427] [jointLog] [info] iteration = 300 | max rel diff. = 9.27201
[2023-05-15 19:56:01.813] [jointLog] [info] iteration = 400 | max rel diff. = 3.55036
[2023-05-15 19:56:02.207] [jointLog] [info] iteration = 500 | max rel diff. = 0.284226
[2023-05-15 19:56:02.615] [jointLog] [info] iteration = 600 | max rel diff. = 0.411512
[2023-05-15 19:56:03.023] [jointLog] [info] iteration = 700 | max rel diff. = 0.105754
[2023-05-15 19:56:03.406] [jointLog] [info] iteration = 800 | max rel diff. = 2.50527
[2023-05-15 19:56:03.799] [jointLog] [info] iteration = 900 | max rel diff. = 0.0165932
[2023-05-15 19:56:04.200] [jointLog] [info] iteration = 1,000 | max rel diff. = 0.0549122
[2023-05-15 19:56:04.473] [jointLog] [info] iteration = 1,066 | max rel diff. = 0.00897745
[2023-05-15 19:56:04.474] [jointLog] [info] Finished optimizer
[2023-05-15 19:56:04.474] [jointLog] [info] writing output 

