[2023-05-15 19:19:04.671] [jointLog] [info] setting maxHashResizeThreads to 2
[2023-05-15 19:19:04.671] [jointLog] [info] Fragment incompatibility prior below threshold.  Incompatible fragments will be ignored.
[2023-05-15 19:19:04.671] [jointLog] [info] Usage of --validateMappings implies use of minScoreFraction. Since not explicitly specified, it is being set to 0.65
[2023-05-15 19:19:04.671] [jointLog] [info] Setting consensusSlack to selective-alignment default of 0.35.
[2023-05-15 19:19:04.671] [jointLog] [info] parsing read library format
[2023-05-15 19:19:04.671] [jointLog] [info] There is 1 library.
[2023-05-15 19:19:04.718] [jointLog] [info] Loading pufferfish index
[2023-05-15 19:19:04.718] [jointLog] [info] Loading dense pufferfish index.
[2023-05-15 19:19:05.310] [jointLog] [info] done
[2023-05-15 19:19:05.310] [jointLog] [info] Index contained 48,190 targets
[2023-05-15 19:19:05.316] [jointLog] [info] Number of decoys : 7
[2023-05-15 19:19:05.316] [jointLog] [info] First decoy index : 48,174 
[2023-05-15 19:19:05.851] [jointLog] [info] Automatically detected most likely library type as ISR

[2023-05-15 19:33:17.757] [jointLog] [info] Thread saw mini-batch with a maximum of 1.18% zero probability fragments
[2023-05-15 19:33:17.758] [jointLog] [info] Thread saw mini-batch with a maximum of 1.18% zero probability fragments
[2023-05-15 19:33:17.806] [jointLog] [info] Computed 107,397 rich equivalence classes for further processing
[2023-05-15 19:33:17.806] [jointLog] [info] Counted 64,828,708 total reads in the equivalence classes 
[2023-05-15 19:33:17.808] [jointLog] [warning] 0.00538958% of fragments were shorter than the k used to build the index.
If this fraction is too large, consider re-building the index with a smaller k.
The minimum read size found was 20.


[2023-05-15 19:33:17.808] [jointLog] [info] Number of mappings discarded because of alignment score : 12,289,278
[2023-05-15 19:33:17.808] [jointLog] [info] Number of fragments entirely discarded because of alignment score : 1,920,898
[2023-05-15 19:33:17.808] [jointLog] [info] Number of fragments discarded because they are best-mapped to decoys : 1,487,117
[2023-05-15 19:33:17.808] [jointLog] [info] Number of fragments discarded because they have only dovetail (discordant) mappings to valid targets : 229,964
[2023-05-15 19:33:17.808] [jointLog] [info] Mapping rate = 80.6555%

[2023-05-15 19:33:17.808] [jointLog] [info] finished quantifyLibrary()
[2023-05-15 19:33:17.808] [jointLog] [info] Starting optimizer
[2023-05-15 19:33:17.826] [jointLog] [info] Marked 0 weighted equivalence classes as degenerate
[2023-05-15 19:33:17.830] [jointLog] [info] iteration = 0 | max rel diff. = 262.34
[2023-05-15 19:33:17.807] [fileLog] [info] 
At end of round 0
==================
Observed 80377262 total fragments (80377262 in most recent round)

[2023-05-15 19:33:18.275] [jointLog] [info] iteration = 100 | max rel diff. = 15.0779
[2023-05-15 19:33:18.784] [jointLog] [info] iteration = 200 | max rel diff. = 1.75405
[2023-05-15 19:33:19.232] [jointLog] [info] iteration = 300 | max rel diff. = 0.408046
[2023-05-15 19:33:19.696] [jointLog] [info] iteration = 400 | max rel diff. = 0.0681516
[2023-05-15 19:33:20.126] [jointLog] [info] iteration = 500 | max rel diff. = 0.5165
[2023-05-15 19:33:20.580] [jointLog] [info] iteration = 600 | max rel diff. = 0.094727
[2023-05-15 19:33:21.046] [jointLog] [info] iteration = 700 | max rel diff. = 0.268675
[2023-05-15 19:33:21.554] [jointLog] [info] iteration = 800 | max rel diff. = 0.0978703
[2023-05-15 19:33:22.048] [jointLog] [info] iteration = 900 | max rel diff. = 10.9787
[2023-05-15 19:33:22.534] [jointLog] [info] iteration = 1,000 | max rel diff. = 0.0189321
[2023-05-15 19:33:23.023] [jointLog] [info] iteration = 1,100 | max rel diff. = 0.0622083
[2023-05-15 19:33:23.537] [jointLog] [info] iteration = 1,200 | max rel diff. = 0.144013
[2023-05-15 19:33:24.048] [jointLog] [info] iteration = 1,300 | max rel diff. = 0.0877946
[2023-05-15 19:33:24.427] [jointLog] [info] iteration = 1,386 | max rel diff. = 0.00308144
[2023-05-15 19:33:24.429] [jointLog] [info] Finished optimizer
[2023-05-15 19:33:24.429] [jointLog] [info] writing output 

