[2023-05-15 19:29:06.011] [jointLog] [info] setting maxHashResizeThreads to 2
[2023-05-15 19:29:06.011] [jointLog] [info] Fragment incompatibility prior below threshold.  Incompatible fragments will be ignored.
[2023-05-15 19:29:06.011] [jointLog] [info] Usage of --validateMappings implies use of minScoreFraction. Since not explicitly specified, it is being set to 0.65
[2023-05-15 19:29:06.011] [jointLog] [info] Setting consensusSlack to selective-alignment default of 0.35.
[2023-05-15 19:29:06.011] [jointLog] [info] parsing read library format
[2023-05-15 19:29:06.011] [jointLog] [info] There is 1 library.
[2023-05-15 19:29:06.056] [jointLog] [info] Loading pufferfish index
[2023-05-15 19:29:06.056] [jointLog] [info] Loading dense pufferfish index.
[2023-05-15 19:29:06.630] [jointLog] [info] done
[2023-05-15 19:29:06.630] [jointLog] [info] Index contained 48,190 targets
[2023-05-15 19:29:06.639] [jointLog] [info] Number of decoys : 7
[2023-05-15 19:29:06.639] [jointLog] [info] First decoy index : 48,174 
[2023-05-15 19:29:07.378] [jointLog] [info] Automatically detected most likely library type as ISR

[2023-05-15 19:44:54.708] [jointLog] [info] Thread saw mini-batch with a maximum of 1.80% zero probability fragments
[2023-05-15 19:44:54.738] [jointLog] [info] Thread saw mini-batch with a maximum of 1.60% zero probability fragments
[2023-05-15 19:44:54.793] [jointLog] [info] Computed 100,126 rich equivalence classes for further processing
[2023-05-15 19:44:54.793] [jointLog] [info] Counted 73,208,591 total reads in the equivalence classes 
[2023-05-15 19:44:54.795] [jointLog] [warning] 0.00383816% of fragments were shorter than the k used to build the index.
If this fraction is too large, consider re-building the index with a smaller k.
The minimum read size found was 20.


[2023-05-15 19:44:54.795] [jointLog] [info] Number of mappings discarded because of alignment score : 14,066,505
[2023-05-15 19:44:54.795] [jointLog] [info] Number of fragments entirely discarded because of alignment score : 2,007,167
[2023-05-15 19:44:54.795] [jointLog] [info] Number of fragments discarded because they are best-mapped to decoys : 1,497,428
[2023-05-15 19:44:54.795] [jointLog] [info] Number of fragments discarded because they have only dovetail (discordant) mappings to valid targets : 267,370
[2023-05-15 19:44:54.795] [jointLog] [info] Mapping rate = 84.5326%

[2023-05-15 19:44:54.795] [jointLog] [info] finished quantifyLibrary()
[2023-05-15 19:44:54.795] [jointLog] [info] Starting optimizer
[2023-05-15 19:44:54.794] [fileLog] [info] 
At end of round 0
==================
Observed 86604005 total fragments (86604005 in most recent round)

[2023-05-15 19:44:54.816] [jointLog] [info] Marked 0 weighted equivalence classes as degenerate
[2023-05-15 19:44:54.820] [jointLog] [info] iteration = 0 | max rel diff. = 149.583
[2023-05-15 19:44:55.286] [jointLog] [info] iteration = 100 | max rel diff. = 1.82601
[2023-05-15 19:44:55.720] [jointLog] [info] iteration = 200 | max rel diff. = 1.04746
[2023-05-15 19:44:56.152] [jointLog] [info] iteration = 300 | max rel diff. = 1.44608
[2023-05-15 19:44:56.590] [jointLog] [info] iteration = 400 | max rel diff. = 2.6743
[2023-05-15 19:44:57.020] [jointLog] [info] iteration = 500 | max rel diff. = 2.27888
[2023-05-15 19:44:57.479] [jointLog] [info] iteration = 600 | max rel diff. = 0.0950499
[2023-05-15 19:44:57.937] [jointLog] [info] iteration = 700 | max rel diff. = 0.0890274
[2023-05-15 19:44:58.406] [jointLog] [info] iteration = 800 | max rel diff. = 0.0578591
[2023-05-15 19:44:58.878] [jointLog] [info] iteration = 900 | max rel diff. = 0.492695
[2023-05-15 19:44:59.150] [jointLog] [info] iteration = 959 | max rel diff. = 0.0044938
[2023-05-15 19:44:59.151] [jointLog] [info] Finished optimizer
[2023-05-15 19:44:59.151] [jointLog] [info] writing output 

